\BOOKMARK [1][-]{section.1}{\376\377\000I\000n\000t\000r\000o\000d\000u\000c\000t\000i\000o\000n}{}% 1
\BOOKMARK [2][-]{subsection.1.1}{\376\377\000B\000a\000c\000k\000g\000r\000o\000u\000n\000d}{section.1}% 2
\BOOKMARK [2][-]{subsection.1.2}{\376\377\000P\000r\000o\000b\000l\000e\000m\000\040\000S\000t\000a\000t\000e\000m\000e\000n\000t}{section.1}% 3
\BOOKMARK [2][-]{subsection.1.3}{\376\377\000P\000r\000o\000b\000l\000e\000m\000\040\000A\000n\000a\000l\000y\000s\000i\000s}{section.1}% 4
\BOOKMARK [1][-]{section.2}{\376\377\000A\000s\000s\000u\000m\000p\000t\000i\000o\000n}{}% 5
\BOOKMARK [1][-]{section.3}{\376\377\000D\000a\000t\000a\000\040\000P\000r\000o\000c\000e\000s\000s\000i\000n\000g}{}% 6
\BOOKMARK [2][-]{subsection.3.1}{\376\377\000D\000a\000t\000a\000\040\000S\000c\000r\000e\000e\000n\000i\000n\000g}{section.3}% 7
\BOOKMARK [2][-]{subsection.3.2}{\376\377\000D\000a\000t\000a\000\040\000V\000i\000s\000u\000a\000l\000i\000z\000a\000t\000i\000o\000n}{section.3}% 8
\BOOKMARK [2][-]{subsection.3.3}{\376\377\000M\000i\000n\000i\000n\000g\000\040\000T\000i\000m\000e\000\040\000S\000e\000r\000i\000e\000s}{section.3}% 9
\BOOKMARK [3][-]{subsubsection.3.3.1}{\376\377\000S\000t\000a\000b\000i\000l\000i\000t\000y\000\040\000T\000e\000s\000t}{subsection.3.3}% 10
\BOOKMARK [3][-]{subsubsection.3.3.2}{\376\377\000W\000h\000i\000t\000e\000\040\000N\000o\000i\000s\000e\000\040\000T\000e\000s\000t}{subsection.3.3}% 11
\BOOKMARK [1][-]{section.4}{\376\377\000P\000a\000r\000t\041\140\377\032\000M\000o\000d\000e\000l\000\040\000D\000e\000v\000e\000l\000o\000p\000m\000e\000n\000t\000\040}{}% 12
\BOOKMARK [2][-]{subsection.4.1}{\376\377\000T\000i\000m\000e\000\040\000S\000e\000r\000i\000e\000s\000\040\000M\000o\000d\000e\000l\000\040\000A\000R\000I\000M\000A\000\040\000-\000\040\000D\000a\000t\000a\000\040\000F\000o\000r\000e\000c\000a\000s\000t\000i\000n\000g\000\040}{section.4}% 13
\BOOKMARK [3][-]{subsubsection.4.1.1}{\376\377\000T\000r\000a\000i\000n\000\040\000t\000h\000e\000\040\000M\000o\000d\000e\000l\000\040\000W\000i\000t\000h\000\040\000A\000l\000l\000\040\000t\000h\000e\000\040\000D\000a\000t\000a}{subsection.4.1}% 14
\BOOKMARK [3][-]{subsubsection.4.1.2}{\376\377\000M\000o\000d\000e\000l\000\040\000V\000a\000l\000i\000d\000a\000t\000i\000n\000g}{subsection.4.1}% 15
\BOOKMARK [3][-]{subsubsection.4.1.3}{\376\377\000M\000o\000d\000e\000l\000\040\000P\000r\000e\000d\000i\000c\000t\000i\000o\000n\000\040\000a\000n\000d\000\040\000V\000i\000s\000u\000a\000l\000i\000z\000a\000t\000i\000o\000n}{subsection.4.1}% 16
\BOOKMARK [3][-]{subsubsection.4.1.4}{\376\377\000B\000a\000t\000c\000h\000\040\000p\000r\000e\000d\000i\000c\000t\000i\000o\000n\000\040\000o\000f\000\040\000d\000a\000t\000a\000\040}{subsection.4.1}% 17
\BOOKMARK [2][-]{subsection.4.2}{\376\377\000I\000n\000v\000e\000s\000t\000m\000e\000n\000t\000\040\000D\000e\000c\000i\000s\000i\000o\000n\000\040\000M\000o\000d\000e\000l\000\040\000-\000\040\000D\000y\000n\000a\000m\000i\000c\000\040\000P\000r\000o\000g\000r\000a\000m\000m\000i\000n\000g\000\040}{section.4}% 18
\BOOKMARK [3][-]{subsubsection.4.2.1}{\376\377\000B\000u\000y\000\040\000a\000n\000d\000\040\000S\000e\000l\000l\000\040\000S\000t\000a\000n\000d\000a\000r\000d\000\040\000S\000e\000t\000t\000i\000n\000g}{subsection.4.2}% 19
\BOOKMARK [3][-]{subsubsection.4.2.2}{\376\377\000P\000o\000r\000t\000f\000o\000l\000i\000o\000\040\000O\000p\000t\000i\000m\000a\000l\000\040\000R\000a\000t\000i\000o\000\040\000I\000d\000e\000n\000t\000i\000f\000i\000c\000a\000t\000i\000o\000n}{subsection.4.2}% 20
\BOOKMARK [3][-]{subsubsection.4.2.3}{\376\377\000P\000o\000s\000i\000t\000i\000o\000n\000i\000n\000g\000\040\000S\000t\000a\000n\000d\000a\000r\000d\000\040\000I\000d\000e\000n\000t\000i\000f\000i\000c\000a\000t\000i\000o\000n}{subsection.4.2}% 21
\BOOKMARK [3][-]{subsubsection.4.2.4}{\376\377\000D\000a\000i\000l\000y\000\040\000P\000o\000r\000t\000f\000o\000l\000i\000o\000\040\000D\000e\000t\000e\000r\000m\000i\000n\000a\000t\000i\000o\000n\000s}{subsection.4.2}% 22
\BOOKMARK [1][-]{section.5}{\376\377\000P\000a\000r\000t\041\141\000:\000S\000t\000r\000a\000t\000e\000g\000y\000\040\000E\000v\000a\000l\000u\000a\000t\000i\000o\000n}{}% 23
\BOOKMARK [2][-]{subsection.5.1}{\376\377\000S\000e\000t\000\040\000P\000e\000r\000t\000u\000r\000b\000a\000t\000i\000o\000n\000\040\000T\000e\000r\000m\000s\000\040}{section.5}% 24
\BOOKMARK [2][-]{subsection.5.2}{\376\377\000C\000o\000m\000p\000a\000r\000i\000s\000o\000n\000\040\000I\000l\000l\000u\000s\000t\000r\000a\000t\000e\000s\000\040\000t\000h\000e\000\040\000B\000e\000s\000t\000\040\000S\000t\000r\000a\000t\000e\000g\000y}{section.5}% 25
\BOOKMARK [1][-]{section.6}{\376\377\000P\000a\000r\000t\041\142\000:\000S\000e\000n\000s\000i\000t\000i\000v\000i\000t\000y\000\040\000A\000n\000a\000l\000y\000s\000i\000s}{}% 26
\BOOKMARK [2][-]{subsection.6.1}{\376\377\000A\000s\000s\000u\000m\000i\000n\000g\000\040\000C\000h\000a\000n\000g\000e\000s\000\040\000I\000n\000\040\000C\000o\000m\000m\000i\000s\000s\000i\000o\000n}{section.6}% 27
\BOOKMARK [2][-]{subsection.6.2}{\376\377\000V\000i\000s\000u\000a\000l\000i\000z\000a\000t\000i\000o\000n\000\040\000R\000e\000s\000u\000l\000t\000s}{section.6}% 28
\BOOKMARK [1][-]{section.7}{\376\377\000E\000v\000a\000l\000u\000a\000t\000e\000\040\000o\000f\000\040\000t\000h\000e\000\040\000M\000o\000d\000e\000l}{}% 29
\BOOKMARK [2][-]{subsection.7.1}{\376\377\000S\000t\000r\000e\000n\000g\000t\000h\000s\000\040\000a\000n\000d\000\040\000w\000e\000a\000k\000n\000e\000s\000s\000e\000s}{section.7}% 30
\BOOKMARK [2][-]{subsection.7.2}{\376\377\000S\000e\000n\000s\000i\000t\000i\000v\000i\000t\000y\000\040\000A\000n\000a\000l\000y\000s\000i\000s}{section.7}% 31
\BOOKMARK [1][-]{section.8}{\376\377\000C\000o\000n\000c\000l\000u\000s\000i\000o\000n\000s}{}% 32
\BOOKMARK [1][-]{section.9}{\376\377\000A\000\040\000M\000e\000m\000o}{}% 33
\BOOKMARK [1][-]{section*.2}{\376\377\000A\000p\000p\000e\000n\000d\000i\000c\000e\000s}{}% 34
\BOOKMARK [1][-]{appendix.a.A}{\376\377\000A\000p\000p\000e\000n\000d\000i\000x\000\040\000F\000i\000r\000s\000t\000\040\000a\000p\000p\000e\000n\000d\000i\000x}{}% 35
\BOOKMARK [1][-]{appendix.a.B}{\376\377\000A\000p\000p\000e\000n\000d\000i\000x\000\040\000S\000e\000c\000o\000n\000d\000\040\000a\000p\000p\000e\000n\000d\000i\000x}{}% 36
