This is XeTeX, Version 3.141592653-2.6-0.999993 (TeX Live 2021/W32TeX) (preloaded format=xelatex 2022.2.8)  21 FEB 2022 20:06
entering extended mode
 restricted \write18 enabled.
 file:line:error style messages enabled.
 %&-line parsing enabled.
**d:/meisai/ms/latex/ms论文
(d:/meisai/ms/latex/ms论文.tex
LaTeX2e <2020-10-01> patch level 4
L3 programming layer <2021-02-18> (./mcmthesis.cls
Document Class: mcmthesis 2021/01/05 v6.3.1 The Thesis Template Designed For MCM/ICM
The Thesis Template Designed For MCM/ICM
(d:/texlive/2021/texmf-dist/tex/latex/xkeyval/xkeyval.sty
Package: xkeyval 2020/11/20 v2.8 package option processing (HA)
 (d:/texlive/2021/texmf-dist/tex/generic/xkeyval/xkeyval.tex (d:/texlive/2021/texmf-dist/tex/generic/xkeyval/xkvutils.tex
\XKV@toks=\toks15
\XKV@tempa@toks=\toks16
 (d:/texlive/2021/texmf-dist/tex/generic/xkeyval/keyval.tex))
\XKV@depth=\count175
File: xkeyval.tex 2014/12/03 v2.7a key=value parser (HA)
)) (d:/texlive/2021/texmf-dist/tex/latex/etoolbox/etoolbox.sty
Package: etoolbox 2020/10/05 v2.5k e-TeX tools for LaTeX (JAW)
\etb@tempcnta=\count176
) (d:/texlive/2021/texmf-dist/tex/latex/base/article.cls
Document Class: article 2020/04/10 v1.4m Standard LaTeX document class
(d:/texlive/2021/texmf-dist/tex/latex/base/size12.clo
File: size12.clo 2020/04/10 v1.4m Standard LaTeX file (size option)
)
\c@part=\count177
\c@section=\count178
\c@subsection=\count179
\c@subsubsection=\count180
\c@paragraph=\count181
\c@subparagraph=\count182
\c@figure=\count183
\c@table=\count184
\abovecaptionskip=\skip47
\belowcaptionskip=\skip48
\bibindent=\dimen138
) (d:/texlive/2021/texmf-dist/tex/latex/fancyhdr/fancyhdr.sty
Package: fancyhdr 2021/01/28 v4.0.1 Extensive control of page headers and footers
\f@nch@headwidth=\skip49
\f@nch@O@elh=\skip50
\f@nch@O@erh=\skip51
\f@nch@O@olh=\skip52
\f@nch@O@orh=\skip53
\f@nch@O@elf=\skip54
\f@nch@O@erf=\skip55
\f@nch@O@olf=\skip56
\f@nch@O@orf=\skip57
) (d:/texlive/2021/texmf-dist/tex/latex/fancybox/fancybox.sty
Package: fancybox 2010/05/15 1.4

Style option: `fancybox' v1.4 <2010/05/15> (tvz)
\@fancybox=\box47
\shadowsize=\dimen139
\@Sbox=\box48
\do@VerbBox=\toks17
\the@fancyput=\toks18
\this@fancyput=\toks19
\EndVerbatimTokens=\toks20
\Verbatim@Outfile=\write3
\Verbatim@Infile=\read2
) (d:/texlive/2021/texmf-dist/tex/latex/base/ifthen.sty
Package: ifthen 2014/09/29 v1.1c Standard LaTeX ifthen package (DPC)
) (d:/texlive/2021/texmf-dist/tex/latex/lastpage/lastpage.sty
Package: lastpage 2015/03/29 v1.2m Refers to last page's name (HMM; JPG)
) (d:/texlive/2021/texmf-dist/tex/latex/listings/listings.sty
\lst@mode=\count185
\lst@gtempboxa=\box49
\lst@token=\toks21
\lst@length=\count186
\lst@currlwidth=\dimen140
\lst@column=\count187
\lst@pos=\count188
\lst@lostspace=\dimen141
\lst@width=\dimen142
\lst@newlines=\count189
\lst@lineno=\count190
\lst@maxwidth=\dimen143
 (d:/texlive/2021/texmf-dist/tex/latex/listings/lstmisc.sty
File: lstmisc.sty 2020/03/24 1.8d (Carsten Heinz)
\c@lstnumber=\count191
\lst@skipnumbers=\count192
\lst@framebox=\box50
) (d:/texlive/2021/texmf-dist/tex/latex/listings/listings.cfg
File: listings.cfg 2020/03/24 1.8d listings configuration
))
Package: listings 2020/03/24 1.8d (Carsten Heinz)
 (d:/texlive/2021/texmf-dist/tex/latex/appendix/appendix.sty
Package: appendix 2020/02/08 v1.2c extra appendix facilities
\c@@pps=\count193
\c@@ppsavesec=\count194
\c@@ppsaveapp=\count195
) (d:/texlive/2021/texmf-dist/tex/latex/paralist/paralist.sty
Package: paralist 2017/01/22 v2.7 Extended list environments
\pltopsep=\skip58
\plpartopsep=\skip59
\plitemsep=\skip60
\plparsep=\skip61
\pl@lab=\toks22
) (d:/texlive/2021/texmf-dist/tex/latex/amscls/amsthm.sty
Package: amsthm 2020/05/29 v2.20.6
\thm@style=\toks23
\thm@bodyfont=\toks24
\thm@headfont=\toks25
\thm@notefont=\toks26
\thm@headpunct=\toks27
\thm@preskip=\skip62
\thm@postskip=\skip63
\thm@headsep=\skip64
\dth@everypar=\toks28
) (d:/texlive/2021/texmf-dist/tex/latex/amsfonts/amsfonts.sty
Package: amsfonts 2013/01/14 v3.01 Basic AMSFonts support
\@emptytoks=\toks29
\symAMSa=\mathgroup4
\symAMSb=\mathgroup5
LaTeX Font Info:    Redeclaring math symbol \hbar on input line 98.
LaTeX Font Info:    Overwriting math alphabet `\mathfrak' in version `bold'
(Font)                  U/euf/m/n --> U/euf/b/n on input line 106.
) (d:/texlive/2021/texmf-dist/tex/latex/amsmath/amsmath.sty
Package: amsmath 2020/09/23 v2.17i AMS math features
\@mathmargin=\skip65

For additional information on amsmath, use the `?' option.
(d:/texlive/2021/texmf-dist/tex/latex/amsmath/amstext.sty
Package: amstext 2000/06/29 v2.01 AMS text
 (d:/texlive/2021/texmf-dist/tex/latex/amsmath/amsgen.sty
File: amsgen.sty 1999/11/30 v2.0 generic functions
\@emptytoks=\toks30
\ex@=\dimen144
)) (d:/texlive/2021/texmf-dist/tex/latex/amsmath/amsbsy.sty
Package: amsbsy 1999/11/29 v1.2d Bold Symbols
\pmbraise@=\dimen145
) (d:/texlive/2021/texmf-dist/tex/latex/amsmath/amsopn.sty
Package: amsopn 2016/03/08 v2.02 operator names
)
\inf@bad=\count196
LaTeX Info: Redefining \frac on input line 234.
\uproot@=\count197
\leftroot@=\count198
LaTeX Info: Redefining \overline on input line 399.
\classnum@=\count199
\DOTSCASE@=\count266
LaTeX Info: Redefining \ldots on input line 496.
LaTeX Info: Redefining \dots on input line 499.
LaTeX Info: Redefining \cdots on input line 620.
\Mathstrutbox@=\box51
\strutbox@=\box52
\big@size=\dimen146
LaTeX Font Info:    Redeclaring font encoding OML on input line 743.
LaTeX Font Info:    Redeclaring font encoding OMS on input line 744.
\macc@depth=\count267
\c@MaxMatrixCols=\count268
\dotsspace@=\muskip16
\c@parentequation=\count269
\dspbrk@lvl=\count270
\tag@help=\toks31
\row@=\count271
\column@=\count272
\maxfields@=\count273
\andhelp@=\toks32
\eqnshift@=\dimen147
\alignsep@=\dimen148
\tagshift@=\dimen149
\tagwidth@=\dimen150
\totwidth@=\dimen151
\lineht@=\dimen152
\@envbody=\toks33
\multlinegap=\skip66
\multlinetaggap=\skip67
\mathdisplay@stack=\toks34
LaTeX Info: Redefining \[ on input line 2923.
LaTeX Info: Redefining \] on input line 2924.
) (d:/texlive/2021/texmf-dist/tex/latex/tools/bm.sty
Package: bm 2019/07/24 v1.2d Bold Symbol Support (DPC/FMi)
\symboldoperators=\mathgroup6
\symboldletters=\mathgroup7
\symboldsymbols=\mathgroup8
LaTeX Font Info:    Redeclaring math alphabet \mathbf on input line 141.
LaTeX Info: Redefining \bm on input line 209.
) (d:/texlive/2021/texmf-dist/tex/latex/amsfonts/amssymb.sty
Package: amssymb 2013/01/14 v3.01 AMS font symbols
) (d:/texlive/2021/texmf-dist/tex/latex/jknapltx/mathrsfs.sty
Package: mathrsfs 1996/01/01 Math RSFS package v1.0 (jk)
\symrsfs=\mathgroup9
) (d:/texlive/2021/texmf-dist/tex/latex/base/latexsym.sty
Package: latexsym 1998/08/17 v2.2e Standard LaTeX package (lasy symbols)
\symlasy=\mathgroup10
LaTeX Font Info:    Overwriting symbol font `lasy' in version `bold'
(Font)                  U/lasy/m/n --> U/lasy/b/n on input line 52.
) (d:/texlive/2021/texmf-dist/tex/latex/tools/longtable.sty
Package: longtable 2020/01/07 v4.13 Multi-page Table package (DPC)
\LTleft=\skip68
\LTright=\skip69
\LTpre=\skip70
\LTpost=\skip71
\LTchunksize=\count274
\LTcapwidth=\dimen153
\LT@head=\box53
\LT@firsthead=\box54
\LT@foot=\box55
\LT@lastfoot=\box56
\LT@cols=\count275
\LT@rows=\count276
\c@LT@tables=\count277
\c@LT@chunks=\count278
\LT@p@ftn=\toks35
) (d:/texlive/2021/texmf-dist/tex/latex/multirow/multirow.sty
Package: multirow 2021/03/15 v2.8 Span multiple rows of a table
\multirow@colwidth=\skip72
\multirow@cntb=\count279
\multirow@dima=\skip73
\bigstrutjot=\dimen154
) (d:/texlive/2021/texmf-dist/tex/latex/tools/hhline.sty
Package: hhline 2020/01/04 v2.04 Table rule package (DPC)
) (d:/texlive/2021/texmf-dist/tex/latex/tools/tabularx.sty
Package: tabularx 2020/01/15 v2.11c `tabularx' package (DPC)
 (d:/texlive/2021/texmf-dist/tex/latex/tools/array.sty
Package: array 2020/10/01 v2.5c Tabular extension package (FMi)
\col@sep=\dimen155
\ar@mcellbox=\box57
\extrarowheight=\dimen156
\NC@list=\toks36
\extratabsurround=\skip74
\backup@length=\skip75
\ar@cellbox=\box58
)
\TX@col@width=\dimen157
\TX@old@table=\dimen158
\TX@old@col=\dimen159
\TX@target=\dimen160
\TX@delta=\dimen161
\TX@cols=\count280
\TX@ftn=\toks37
) (d:/texlive/2021/texmf-dist/tex/latex/base/flafter.sty
Package: flafter 2018/11/28 v1.4d Standard LaTeX floats after reference (FMi)
Applying: [2015/01/01] float order in 2-column on input line 49.
Already applied: [0000/00/00] float order in 2-column on input line 151.
) (d:/texlive/2021/texmf-dist/tex/latex/psnfss/pifont.sty
Package: pifont 2020/03/25 PSNFSS-v9.3 Pi font support (SPQR) 
LaTeX Font Info:    Trying to load font information for U+pzd on input line 63.
 (d:/texlive/2021/texmf-dist/tex/latex/psnfss/upzd.fd
File: upzd.fd 2001/06/04 font definitions for U/pzd.
)
LaTeX Font Info:    Trying to load font information for U+psy on input line 64.
 (d:/texlive/2021/texmf-dist/tex/latex/psnfss/upsy.fd
File: upsy.fd 2001/06/04 font definitions for U/psy.
)) (d:/texlive/2021/texmf-dist/tex/latex/tools/calc.sty
Package: calc 2017/05/25 v4.3 Infix arithmetic (KKT,FJ)
\calc@Acount=\count281
\calc@Bcount=\count282
\calc@Adimen=\dimen162
\calc@Bdimen=\dimen163
\calc@Askip=\skip76
\calc@Bskip=\skip77
LaTeX Info: Redefining \setlength on input line 80.
LaTeX Info: Redefining \addtolength on input line 81.
\calc@Ccount=\count283
\calc@Cskip=\skip78
) (d:/texlive/2021/texmf-dist/tex/latex/colortbl/colortbl.sty
Package: colortbl 2020/01/04 v1.0e Color table columns (DPC)
 (d:/texlive/2021/texmf-dist/tex/latex/graphics/color.sty
Package: color 2020/02/24 v1.2b Standard LaTeX Color (DPC)
 (d:/texlive/2021/texmf-dist/tex/latex/graphics-cfg/color.cfg
File: color.cfg 2016/01/02 v1.6 sample color configuration
)
Package color Info: Driver file: xetex.def on input line 147.
 (d:/texlive/2021/texmf-dist/tex/latex/graphics-def/xetex.def
File: xetex.def 2021/03/18 v5.0k Graphics/color driver for xetex
))
\everycr=\toks38
\minrowclearance=\skip79
) (d:/texlive/2021/texmf-dist/tex/latex/booktabs/booktabs.sty
Package: booktabs 2020/01/12 v1.61803398 Publication quality tables
\heavyrulewidth=\dimen164
\lightrulewidth=\dimen165
\cmidrulewidth=\dimen166
\belowrulesep=\dimen167
\belowbottomsep=\dimen168
\aboverulesep=\dimen169
\abovetopsep=\dimen170
\cmidrulesep=\dimen171
\cmidrulekern=\dimen172
\defaultaddspace=\dimen173
\@cmidla=\count284
\@cmidlb=\count285
\@aboverulesep=\dimen174
\@belowrulesep=\dimen175
\@thisruleclass=\count286
\@lastruleclass=\count287
\@thisrulewidth=\dimen176
) (d:/texlive/2021/texmf-dist/tex/latex/geometry/geometry.sty
Package: geometry 2020/01/02 v5.9 Page Geometry
 (d:/texlive/2021/texmf-dist/tex/generic/iftex/ifvtex.sty
Package: ifvtex 2019/10/25 v1.7 ifvtex legacy package. Use iftex instead.
 (d:/texlive/2021/texmf-dist/tex/generic/iftex/iftex.sty
Package: iftex 2020/03/06 v1.0d TeX engine tests
))
\Gm@cnth=\count288
\Gm@cntv=\count289
\c@Gm@tempcnt=\count290
\Gm@bindingoffset=\dimen177
\Gm@wd@mp=\dimen178
\Gm@odd@mp=\dimen179
\Gm@even@mp=\dimen180
\Gm@layoutwidth=\dimen181
\Gm@layoutheight=\dimen182
\Gm@layouthoffset=\dimen183
\Gm@layoutvoffset=\dimen184
\Gm@dimlist=\toks39
) (d:/texlive/2021/texmf-dist/tex/latex/base/fontenc.sty
Package: fontenc 2020/08/10 v2.0s Standard LaTeX package
LaTeX Font Info:    Trying to load font information for T1+lmr on input line 112.
 (d:/texlive/2021/texmf-dist/tex/latex/lm/t1lmr.fd
File: t1lmr.fd 2015/05/01 v1.6.1 Font defs for Latin Modern
)) (d:/texlive/2021/texmf-dist/tex/latex/bera/berasans.sty
Package: berasans 2004/01/30 (WaS)
) (d:/texlive/2021/texmf-dist/tex/latex/hyperref/hyperref.sty
Package: hyperref 2021-02-27 v7.00k Hypertext links for LaTeX
 (d:/texlive/2021/texmf-dist/tex/generic/ltxcmds/ltxcmds.sty
Package: ltxcmds 2020-05-10 v1.25 LaTeX kernel commands for general use (HO)
) (d:/texlive/2021/texmf-dist/tex/generic/pdftexcmds/pdftexcmds.sty
Package: pdftexcmds 2020-06-27 v0.33 Utility functions of pdfTeX for LuaTeX (HO)
 (d:/texlive/2021/texmf-dist/tex/generic/infwarerr/infwarerr.sty
Package: infwarerr 2019/12/03 v1.5 Providing info/warning/error messages (HO)
)
Package pdftexcmds Info: \pdf@primitive is available.
Package pdftexcmds Info: \pdf@ifprimitive is available.
Package pdftexcmds Info: \pdfdraftmode not found.
) (d:/texlive/2021/texmf-dist/tex/generic/kvsetkeys/kvsetkeys.sty
Package: kvsetkeys 2019/12/15 v1.18 Key value parser (HO)
) (d:/texlive/2021/texmf-dist/tex/generic/kvdefinekeys/kvdefinekeys.sty
Package: kvdefinekeys 2019-12-19 v1.6 Define keys (HO)
) (d:/texlive/2021/texmf-dist/tex/generic/pdfescape/pdfescape.sty
Package: pdfescape 2019/12/09 v1.15 Implements pdfTeX's escape features (HO)
) (d:/texlive/2021/texmf-dist/tex/latex/hycolor/hycolor.sty
Package: hycolor 2020-01-27 v1.10 Color options for hyperref/bookmark (HO)
) (d:/texlive/2021/texmf-dist/tex/latex/letltxmacro/letltxmacro.sty
Package: letltxmacro 2019/12/03 v1.6 Let assignment for LaTeX macros (HO)
) (d:/texlive/2021/texmf-dist/tex/latex/auxhook/auxhook.sty
Package: auxhook 2019-12-17 v1.6 Hooks for auxiliary files (HO)
) (d:/texlive/2021/texmf-dist/tex/latex/kvoptions/kvoptions.sty
Package: kvoptions 2020-10-07 v3.14 Key value format for package options (HO)
)
\@linkdim=\dimen185
\Hy@linkcounter=\count291
\Hy@pagecounter=\count292
 (d:/texlive/2021/texmf-dist/tex/latex/hyperref/pd1enc.def
File: pd1enc.def 2021-02-27 v7.00k Hyperref: PDFDocEncoding definition (HO)
) (d:/texlive/2021/texmf-dist/tex/latex/hyperref/hyperref-langpatches.def
File: hyperref-langpatches.def 2021-02-27 v7.00k Hyperref: patches for babel languages
) (d:/texlive/2021/texmf-dist/tex/generic/intcalc/intcalc.sty
Package: intcalc 2019/12/15 v1.3 Expandable calculations with integers (HO)
) (d:/texlive/2021/texmf-dist/tex/generic/etexcmds/etexcmds.sty
Package: etexcmds 2019/12/15 v1.7 Avoid name clashes with e-TeX commands (HO)
)
\Hy@SavedSpaceFactor=\count293
 (d:/texlive/2021/texmf-dist/tex/latex/hyperref/puenc.def
File: puenc.def 2021-02-27 v7.00k Hyperref: PDF Unicode definition (HO)
)
Package hyperref Info: Hyper figures OFF on input line 4192.
Package hyperref Info: Link nesting OFF on input line 4197.
Package hyperref Info: Hyper index ON on input line 4200.
Package hyperref Info: Plain pages OFF on input line 4207.
Package hyperref Info: Backreferencing OFF on input line 4212.
Package hyperref Info: Implicit mode ON; LaTeX internals redefined.
Package hyperref Info: Bookmarks ON on input line 4445.
\c@Hy@tempcnt=\count294
 (d:/texlive/2021/texmf-dist/tex/latex/url/url.sty
\Urlmuskip=\muskip17
Package: url 2013/09/16  ver 3.4  Verb mode for urls, etc.
)
LaTeX Info: Redefining \url on input line 4804.
\XeTeXLinkMargin=\dimen186
 (d:/texlive/2021/texmf-dist/tex/generic/bitset/bitset.sty
Package: bitset 2019/12/09 v1.3 Handle bit-vector datatype (HO)
 (d:/texlive/2021/texmf-dist/tex/generic/bigintcalc/bigintcalc.sty
Package: bigintcalc 2019/12/15 v1.5 Expandable calculations on big integers (HO)
))
\Fld@menulength=\count295
\Field@Width=\dimen187
\Fld@charsize=\dimen188
Package hyperref Info: Hyper figures OFF on input line 6075.
Package hyperref Info: Link nesting OFF on input line 6080.
Package hyperref Info: Hyper index ON on input line 6083.
Package hyperref Info: backreferencing OFF on input line 6090.
Package hyperref Info: Link coloring OFF on input line 6095.
Package hyperref Info: Link coloring with OCG OFF on input line 6100.
Package hyperref Info: PDF/A mode OFF on input line 6105.
LaTeX Info: Redefining \ref on input line 6145.
LaTeX Info: Redefining \pageref on input line 6149.
 (d:/texlive/2021/texmf-dist/tex/latex/base/atbegshi-ltx.sty
Package: atbegshi-ltx 2020/08/17 v1.0a Emulation of the original atbegshi package
with kernel methods
)
\Hy@abspage=\count296
\c@Item=\count297
\c@Hfootnote=\count298
)
Package hyperref Info: Driver (autodetected): hxetex.
 (d:/texlive/2021/texmf-dist/tex/latex/hyperref/hxetex.def
File: hxetex.def 2021-02-27 v7.00k Hyperref driver for XeTeX
 (d:/texlive/2021/texmf-dist/tex/generic/stringenc/stringenc.sty
Package: stringenc 2019/11/29 v1.12 Convert strings between diff. encodings (HO)
)
\pdfm@box=\box59
\c@Hy@AnnotLevel=\count299
\HyField@AnnotCount=\count300
\Fld@listcount=\count301
\c@bookmark@seq@number=\count302
 (d:/texlive/2021/texmf-dist/tex/latex/rerunfilecheck/rerunfilecheck.sty
Package: rerunfilecheck 2019/12/05 v1.9 Rerun checks for auxiliary files (HO)
 (d:/texlive/2021/texmf-dist/tex/latex/base/atveryend-ltx.sty
Package: atveryend-ltx 2020/08/19 v1.0a Emulation of the original atvery package
with kernel methods
) (d:/texlive/2021/texmf-dist/tex/generic/uniquecounter/uniquecounter.sty
Package: uniquecounter 2019/12/15 v1.4 Provide unlimited unique counter (HO)
)
Package uniquecounter Info: New unique counter `rerunfilecheck' on input line 286.
)
\Hy@SectionHShift=\skip80
) (d:/texlive/2021/texmf-dist/tex/generic/iftex/ifpdf.sty
Package: ifpdf 2019/10/25 v3.4 ifpdf legacy package. Use iftex instead.
) (d:/texlive/2021/texmf-dist/tex/generic/iftex/ifxetex.sty
Package: ifxetex 2019/10/25 v0.7 ifxetex legacy package. Use iftex instead.
) (d:/texlive/2021/texmf-dist/tex/latex/environ/environ.sty
Package: environ 2014/05/04 v0.3 A new way to define environments
 (d:/texlive/2021/texmf-dist/tex/latex/trimspaces/trimspaces.sty
Package: trimspaces 2009/09/17 v1.1 Trim spaces around a token list
)) (d:/texlive/2021/texmf-dist/tex/latex/graphics/graphicx.sty
Package: graphicx 2020/09/09 v1.2b Enhanced LaTeX Graphics (DPC,SPQR)
 (d:/texlive/2021/texmf-dist/tex/latex/graphics/graphics.sty
Package: graphics 2020/08/30 v1.4c Standard LaTeX Graphics (DPC,SPQR)
 (d:/texlive/2021/texmf-dist/tex/latex/graphics/trig.sty
Package: trig 2016/01/03 v1.10 sin cos tan (DPC)
) (d:/texlive/2021/texmf-dist/tex/latex/graphics-cfg/graphics.cfg
File: graphics.cfg 2016/06/04 v1.11 sample graphics configuration
)
Package graphics Info: Driver file: xetex.def on input line 105.
)
\Gin@req@height=\dimen189
\Gin@req@width=\dimen190
) (d:/texlive/2021/texmf-dist/tex/latex/xcolor/xcolor.sty
Package: xcolor 2016/05/11 v2.12 LaTeX color extensions (UK)
 (d:/texlive/2021/texmf-dist/tex/latex/graphics-cfg/color.cfg
File: color.cfg 2016/01/02 v1.6 sample color configuration
)
Package xcolor Info: Driver file: xetex.def on input line 225.
LaTeX Info: Redefining \color on input line 709.
Package xcolor Info: Model `cmy' substituted by `cmy0' on input line 1348.
Package xcolor Info: Model `RGB' extended on input line 1364.
Package xcolor Info: Model `HTML' substituted by `rgb' on input line 1366.
Package xcolor Info: Model `Hsb' substituted by `hsb' on input line 1367.
Package xcolor Info: Model `tHsb' substituted by `hsb' on input line 1368.
Package xcolor Info: Model `HSB' substituted by `hsb' on input line 1369.
Package xcolor Info: Model `Gray' substituted by `gray' on input line 1370.
Package xcolor Info: Model `wave' substituted by `hsb' on input line 1371.
 (d:/texlive/2021/texmf-dist/tex/latex/xcolor/svgnam.def
File: svgnam.def 2016/05/11 v2.12 Predefined colors according to SVG 1.1 (UK)
))
\c@Theorem=\count303
 (d:/texlive/2021/texmf-dist/tex/latex/listings/lstlang1.sty
File: lstlang1.sty 2020/03/24 1.8d listings language file
) (d:/texlive/2021/texmf-dist/tex/latex/listings/lstmisc.sty
File: lstmisc.sty 2020/03/24 1.8d (Carsten Heinz)
)) (d:/texlive/2021/texmf-dist/tex/latex/newtx/newtxtext.sty
Package: newtxtext 2020/09/19 v1.630
 `newtxtext' v1.630, 2020/09/19 Text macros taking advantage of TeX-Gyre Termes fonts (msharpe) (d:/texlive/2021/texmf-dist/tex/latex/fontaxes/fontaxes.sty
Package: fontaxes 2020/07/21 v1.0e Font selection axes
LaTeX Info: Redefining \upshape on input line 29.
LaTeX Info: Redefining \itshape on input line 31.
LaTeX Info: Redefining \slshape on input line 33.
LaTeX Info: Redefining \swshape on input line 35.
LaTeX Info: Redefining \scshape on input line 37.
LaTeX Info: Redefining \sscshape on input line 39.
LaTeX Info: Redefining \ulcshape on input line 41.
LaTeX Info: Redefining \textsw on input line 47.
LaTeX Info: Redefining \textssc on input line 48.
LaTeX Info: Redefining \textulc on input line 49.
)
\ntx@fs=\dimen191
 (d:/texlive/2021/texmf-dist/tex/generic/xstring/xstring.sty (d:/texlive/2021/texmf-dist/tex/generic/xstring/xstring.tex
\integerpart=\count304
Invalid UTF-8 byte or sequence at line 35 replaced by U+FFFD.
\decimalpart=\count305
Invalid UTF-8 byte or sequence at line 79 replaced by U+FFFD.
Invalid UTF-8 byte or sequence at line 79 replaced by U+FFFD.
Invalid UTF-8 byte or sequence at line 83 replaced by U+FFFD.
Invalid UTF-8 byte or sequence at line 86 replaced by U+FFFD.
Invalid UTF-8 byte or sequence at line 102 replaced by U+FFFD.
Invalid UTF-8 byte or sequence at line 114 replaced by U+FFFD.
Invalid UTF-8 byte or sequence at line 120 replaced by U+FFFD.
Invalid UTF-8 byte or sequence at line 125 replaced by U+FFFD.
Invalid UTF-8 byte or sequence at line 147 replaced by U+FFFD.
Invalid UTF-8 byte or sequence at line 147 replaced by U+FFFD.
Invalid UTF-8 byte or sequence at line 147 replaced by U+FFFD.
Invalid UTF-8 byte or sequence at line 182 replaced by U+FFFD.
Invalid UTF-8 byte or sequence at line 182 replaced by U+FFFD.
Invalid UTF-8 byte or sequence at line 182 replaced by U+FFFD.
Invalid UTF-8 byte or sequence at line 183 replaced by U+FFFD.
Invalid UTF-8 byte or sequence at line 184 replaced by U+FFFD.
Invalid UTF-8 byte or sequence at line 185 replaced by U+FFFD.
Invalid UTF-8 byte or sequence at line 185 replaced by U+FFFD.
Invalid UTF-8 byte or sequence at line 185 replaced by U+FFFD.
Invalid UTF-8 byte or sequence at line 189 replaced by U+FFFD.
Invalid UTF-8 byte or sequence at line 189 replaced by U+FFFD.
Invalid UTF-8 byte or sequence at line 190 replaced by U+FFFD.
Invalid UTF-8 byte or sequence at line 190 replaced by U+FFFD.
Invalid UTF-8 byte or sequence at line 193 replaced by U+FFFD.
Invalid UTF-8 byte or sequence at line 208 replaced by U+FFFD.
Invalid UTF-8 byte or sequence at line 208 replaced by U+FFFD.
Invalid UTF-8 byte or sequence at line 208 replaced by U+FFFD.
Invalid UTF-8 byte or sequence at line 208 replaced by U+FFFD.
Invalid UTF-8 byte or sequence at line 208 replaced by U+FFFD.
Invalid UTF-8 byte or sequence at line 208 replaced by U+FFFD.
Invalid UTF-8 byte or sequence at line 221 replaced by U+FFFD.
Invalid UTF-8 byte or sequence at line 221 replaced by U+FFFD.
Invalid UTF-8 byte or sequence at line 241 replaced by U+FFFD.
Invalid UTF-8 byte or sequence at line 241 replaced by U+FFFD.
Invalid UTF-8 byte or sequence at line 241 replaced by U+FFFD.
Invalid UTF-8 byte or sequence at line 241 replaced by U+FFFD.
Invalid UTF-8 byte or sequence at line 266 replaced by U+FFFD.
Invalid UTF-8 byte or sequence at line 284 replaced by U+FFFD.
Invalid UTF-8 byte or sequence at line 295 replaced by U+FFFD.
Invalid UTF-8 byte or sequence at line 300 replaced by U+FFFD.
Invalid UTF-8 byte or sequence at line 300 replaced by U+FFFD.
Invalid UTF-8 byte or sequence at line 301 replaced by U+FFFD.
Invalid UTF-8 byte or sequence at line 301 replaced by U+FFFD.
Invalid UTF-8 byte or sequence at line 301 replaced by U+FFFD.
Invalid UTF-8 byte or sequence at line 302 replaced by U+FFFD.
Invalid UTF-8 byte or sequence at line 303 replaced by U+FFFD.
Invalid UTF-8 byte or sequence at line 332 replaced by U+FFFD.
Invalid UTF-8 byte or sequence at line 332 replaced by U+FFFD.
Invalid UTF-8 byte or sequence at line 332 replaced by U+FFFD.
Invalid UTF-8 byte or sequence at line 332 replaced by U+FFFD.
Invalid UTF-8 byte or sequence at line 333 replaced by U+FFFD.
Invalid UTF-8 byte or sequence at line 334 replaced by U+FFFD.
Invalid UTF-8 byte or sequence at line 334 replaced by U+FFFD.
Invalid UTF-8 byte or sequence at line 334 replaced by U+FFFD.
Invalid UTF-8 byte or sequence at line 406 replaced by U+FFFD.
Invalid UTF-8 byte or sequence at line 406 replaced by U+FFFD.
Invalid UTF-8 byte or sequence at line 409 replaced by U+FFFD.
Invalid UTF-8 byte or sequence at line 410 replaced by U+FFFD.
Invalid UTF-8 byte or sequence at line 428 replaced by U+FFFD.
Invalid UTF-8 byte or sequence at line 434 replaced by U+FFFD.
Invalid UTF-8 byte or sequence at line 457 replaced by U+FFFD.
Invalid UTF-8 byte or sequence at line 457 replaced by U+FFFD.
Invalid UTF-8 byte or sequence at line 464 replaced by U+FFFD.
Invalid UTF-8 byte or sequence at line 464 replaced by U+FFFD.
Invalid UTF-8 byte or sequence at line 466 replaced by U+FFFD.
Invalid UTF-8 byte or sequence at line 466 replaced by U+FFFD.
Invalid UTF-8 byte or sequence at line 541 replaced by U+FFFD.
Invalid UTF-8 byte or sequence at line 541 replaced by U+FFFD.
Invalid UTF-8 byte or sequence at line 541 replaced by U+FFFD.
Invalid UTF-8 byte or sequence at line 586 replaced by U+FFFD.
Invalid UTF-8 byte or sequence at line 586 replaced by U+FFFD.
Invalid UTF-8 byte or sequence at line 588 replaced by U+FFFD.
Invalid UTF-8 byte or sequence at line 588 replaced by U+FFFD.
Invalid UTF-8 byte or sequence at line 595 replaced by U+FFFD.
Invalid UTF-8 byte or sequence at line 597 replaced by U+FFFD.
Invalid UTF-8 byte or sequence at line 599 replaced by U+FFFD.
Invalid UTF-8 byte or sequence at line 602 replaced by U+FFFD.
Invalid UTF-8 byte or sequence at line 605 replaced by U+FFFD.
Invalid UTF-8 byte or sequence at line 605 replaced by U+FFFD.
Invalid UTF-8 byte or sequence at line 610 replaced by U+FFFD.
Invalid UTF-8 byte or sequence at line 615 replaced by U+FFFD.
Invalid UTF-8 byte or sequence at line 632 replaced by U+FFFD.
Invalid UTF-8 byte or sequence at line 632 replaced by U+FFFD.
Invalid UTF-8 byte or sequence at line 633 replaced by U+FFFD.
Invalid UTF-8 byte or sequence at line 635 replaced by U+FFFD.
Invalid UTF-8 byte or sequence at line 637 replaced by U+FFFD.
Invalid UTF-8 byte or sequence at line 647 replaced by U+FFFD.
Invalid UTF-8 byte or sequence at line 653 replaced by U+FFFD.
Invalid UTF-8 byte or sequence at line 678 replaced by U+FFFD.
Invalid UTF-8 byte or sequence at line 700 replaced by U+FFFD.
Invalid UTF-8 byte or sequence at line 705 replaced by U+FFFD.
Invalid UTF-8 byte or sequence at line 715 replaced by U+FFFD.
Invalid UTF-8 byte or sequence at line 715 replaced by U+FFFD.
Invalid UTF-8 byte or sequence at line 715 replaced by U+FFFD.
Invalid UTF-8 byte or sequence at line 719 replaced by U+FFFD.
Invalid UTF-8 byte or sequence at line 732 replaced by U+FFFD.
Invalid UTF-8 byte or sequence at line 732 replaced by U+FFFD.
Invalid UTF-8 byte or sequence at line 741 replaced by U+FFFD.
Invalid UTF-8 byte or sequence at line 741 replaced by U+FFFD.
Invalid UTF-8 byte or sequence at line 742 replaced by U+FFFD.
Invalid UTF-8 byte or sequence at line 742 replaced by U+FFFD.
Invalid UTF-8 byte or sequence at line 762 replaced by U+FFFD.
Invalid UTF-8 byte or sequence at line 773 replaced by U+FFFD.
Invalid UTF-8 byte or sequence at line 773 replaced by U+FFFD.
Invalid UTF-8 byte or sequence at line 774 replaced by U+FFFD.
Invalid UTF-8 byte or sequence at line 774 replaced by U+FFFD.
Invalid UTF-8 byte or sequence at line 774 replaced by U+FFFD.
Invalid UTF-8 byte or sequence at line 797 replaced by U+FFFD.
Invalid UTF-8 byte or sequence at line 797 replaced by U+FFFD.
Invalid UTF-8 byte or sequence at line 810 replaced by U+FFFD.
Invalid UTF-8 byte or sequence at line 824 replaced by U+FFFD.
Invalid UTF-8 byte or sequence at line 824 replaced by U+FFFD.
Invalid UTF-8 byte or sequence at line 831 replaced by U+FFFD.
Invalid UTF-8 byte or sequence at line 838 replaced by U+FFFD.
Invalid UTF-8 byte or sequence at line 838 replaced by U+FFFD.
Invalid UTF-8 byte or sequence at line 846 replaced by U+FFFD.
Invalid UTF-8 byte or sequence at line 846 replaced by U+FFFD.
Invalid UTF-8 byte or sequence at line 861 replaced by U+FFFD.
Invalid UTF-8 byte or sequence at line 862 replaced by U+FFFD.
Invalid UTF-8 byte or sequence at line 864 replaced by U+FFFD.
Invalid UTF-8 byte or sequence at line 864 replaced by U+FFFD.
Invalid UTF-8 byte or sequence at line 908 replaced by U+FFFD.
Invalid UTF-8 byte or sequence at line 909 replaced by U+FFFD.
Invalid UTF-8 byte or sequence at line 909 replaced by U+FFFD.
Invalid UTF-8 byte or sequence at line 934 replaced by U+FFFD.
Invalid UTF-8 byte or sequence at line 934 replaced by U+FFFD.
Invalid UTF-8 byte or sequence at line 936 replaced by U+FFFD.
Invalid UTF-8 byte or sequence at line 936 replaced by U+FFFD.
Invalid UTF-8 byte or sequence at line 940 replaced by U+FFFD.
Invalid UTF-8 byte or sequence at line 940 replaced by U+FFFD.
Invalid UTF-8 byte or sequence at line 962 replaced by U+FFFD.
Invalid UTF-8 byte or sequence at line 962 replaced by U+FFFD.
Invalid UTF-8 byte or sequence at line 964 replaced by U+FFFD.
Invalid UTF-8 byte or sequence at line 965 replaced by U+FFFD.
Invalid UTF-8 byte or sequence at line 1006 replaced by U+FFFD.
)
Package: xstring 2019/02/06 v1.83 String manipulations (CT)
) (d:/texlive/2021/texmf-dist/tex/latex/carlisle/scalefnt.sty) (d:/texlive/2021/texmf-dist/tex/latex/base/fontenc.sty
Package: fontenc 2020/08/10 v2.0s Standard LaTeX package
LaTeX Font Info:    Trying to load font information for T1+ntxtlf on input line 112.
 (d:/texlive/2021/texmf-dist/tex/latex/newtx/t1ntxtlf.fd
File: t1ntxtlf.fd 2015/01/17 v1.0 font definition file for T1/ntx/tlf
)
LaTeX Font Info:    Font shape `T1/ntxtlf/m/n' will be
(Font)              scaled to size 12.0pt on input line 112.
) (d:/texlive/2021/texmf-dist/tex/latex/base/textcomp.sty
Package: textcomp 2020/02/02 v2.0n Standard LaTeX package
LaTeX Font Info:    Changing ? sub-encoding to TS1/0 on input line 75.
)
LaTeX Info: Redefining \textin on input line 103.
\ntxt@cntz=\count306
LaTeX Font Info:    Redeclaring math symbol \mathsterling on input line 316.
) (d:/texlive/2021/texmf-dist/tex/latex/lipsum/lipsum.sty (d:/texlive/2021/texmf-dist/tex/latex/l3kernel/expl3.sty
Package: expl3 2021-02-18 L3 programming layer (loader) 
 (d:/texlive/2021/texmf-dist/tex/latex/l3backend/l3backend-xetex.def
File: l3backend-xetex.def 2021-03-18 L3 backend support: XeTeX
 (|extractbb --version)
\c__kernel_sys_dvipdfmx_version_int=\count307
\l__color_backend_stack_int=\count308
\g__color_backend_stack_int=\count309
\g__graphics_track_int=\count310
\l__pdf_internal_box=\box60
\g__pdf_backend_object_int=\count311
\g__pdf_backend_annotation_int=\count312
\g__pdf_backend_link_int=\count313
)) (d:/texlive/2021/texmf-dist/tex/latex/l3packages/xparse/xparse.sty (d:/texlive/2021/texmf-dist/tex/latex/l3packages/xparse/xparse-2020-10-01.sty (d:/texlive/2021/texmf-dist/tex/latex/l3packages/xparse/xparse-generic.tex)))
Package: lipsum 2021-03-03 v2.3 150 paragraphs of Lorem Ipsum dummy text
 (d:/texlive/2021/texmf-dist/tex/latex/lipsum/lipsum.ltd.tex
File: lipsum.ltd.tex 2021-03-03 v2.3 The Lorem ipsum dummy text
)) (d:/texlive/2021/texmf-dist/tex/latex/subfigure/subfigure.sty
Package: subfigure 2002/03/15 v2.1.5 subfigure package
\subfigtopskip=\skip81
\subfigcapskip=\skip82
\subfigcaptopadj=\dimen192
\subfigbottomskip=\skip83
\subfigcapmargin=\dimen193
\subfiglabelskip=\skip84
\c@subfigure=\count314
\c@lofdepth=\count315
\c@subtable=\count316
\c@lotdepth=\count317

****************************************
* Local config file subfigure.cfg used *
****************************************
(d:/texlive/2021/texmf-dist/tex/latex/subfigure/subfigure.cfg)
\subfig@top=\skip85
\subfig@bottom=\skip86
) (./ms论文.aux

LaTeX Warning: Label `fig61' multiply defined.

)
\openout1 = `ms论文.aux'.

LaTeX Font Info:    Checking defaults for OML/cmm/m/it on input line 14.
LaTeX Font Info:    ... okay on input line 14.
LaTeX Font Info:    Checking defaults for OMS/cmsy/m/n on input line 14.
LaTeX Font Info:    ... okay on input line 14.
LaTeX Font Info:    Checking defaults for OT1/cmr/m/n on input line 14.
LaTeX Font Info:    ... okay on input line 14.
LaTeX Font Info:    Checking defaults for T1/cmr/m/n on input line 14.
LaTeX Font Info:    ... okay on input line 14.
LaTeX Font Info:    Checking defaults for TS1/cmr/m/n on input line 14.
LaTeX Font Info:    Trying to load font information for TS1+cmr on input line 14.
 (d:/texlive/2021/texmf-dist/tex/latex/base/ts1cmr.fd
File: ts1cmr.fd 2019/12/16 v2.5j Standard LaTeX font definitions
)
LaTeX Font Info:    ... okay on input line 14.
LaTeX Font Info:    Checking defaults for TU/lmr/m/n on input line 14.
LaTeX Font Info:    ... okay on input line 14.
LaTeX Font Info:    Checking defaults for OMX/cmex/m/n on input line 14.
LaTeX Font Info:    ... okay on input line 14.
LaTeX Font Info:    Checking defaults for U/cmr/m/n on input line 14.
LaTeX Font Info:    ... okay on input line 14.
LaTeX Font Info:    Checking defaults for PD1/pdf/m/n on input line 14.
LaTeX Font Info:    ... okay on input line 14.
LaTeX Font Info:    Checking defaults for PU/pdf/m/n on input line 14.
LaTeX Font Info:    ... okay on input line 14.
Package lastpage Info: Please have a look at the pageslts package at
(lastpage)             https://www.ctan.org/pkg/pageslts
(lastpage)             ! on input line 14.
\c@lstlisting=\count318

*geometry* driver: auto-detecting
*geometry* detected driver: xetex
*geometry* verbose mode - [ preamble ] result:
* driver: xetex
* paper: letterpaper
* layout: <same size as paper>
* layoutoffset:(h,v)=(0.0pt,0.0pt)
* modes: 
* h-part:(L,W,R)=(72.26999pt, 469.75502pt, 72.26999pt)
* v-part:(T,H,B)=(72.26999pt, 650.43001pt, 72.26999pt)
* \paperwidth=614.295pt
* \paperheight=794.96999pt
* \textwidth=469.75502pt
* \textheight=650.43001pt
* \oddsidemargin=0.0pt
* \evensidemargin=0.0pt
* \topmargin=-37.0pt
* \headheight=12.0pt
* \headsep=25.0pt
* \topskip=12.0pt
* \footskip=30.0pt
* \marginparwidth=44.0pt
* \marginparsep=10.0pt
* \columnsep=10.0pt
* \skip\footins=10.8pt plus 4.0pt minus 2.0pt
* \hoffset=0.0pt
* \voffset=0.0pt
* \mag=1000
* \@twocolumnfalse
* \@twosidefalse
* \@mparswitchfalse
* \@reversemarginfalse
* (1in=72.27pt=25.4mm, 1cm=28.453pt)

Package hyperref Info: Link coloring OFF on input line 14.
(d:/texlive/2021/texmf-dist/tex/latex/hyperref/nameref.sty
Package: nameref 2021-04-02 v2.47 Cross-referencing by name of section
 (d:/texlive/2021/texmf-dist/tex/latex/refcount/refcount.sty
Package: refcount 2019/12/15 v3.6 Data extraction from label references (HO)
) (d:/texlive/2021/texmf-dist/tex/generic/gettitlestring/gettitlestring.sty
Package: gettitlestring 2019/12/15 v1.6 Cleanup title references (HO)
)
\c@section@level=\count319
)
LaTeX Info: Redefining \ref on input line 14.
LaTeX Info: Redefining \pageref on input line 14.
LaTeX Info: Redefining \nameref on input line 14.
 (./ms论文.out) (./ms论文.out)
\@outlinefile=\write4
\openout4 = `ms论文.out'.

\c@mv@tabular=\count320
\c@mv@boldtabular=\count321
LaTeX Font Info:    Font shape `T1/ntxtlf/b/n' will be
(Font)              scaled to size 12.0pt on input line 26.
LaTeX Font Info:    Font shape `T1/ntxtlf/m/n' will be
(Font)              scaled to size 20.0pt on input line 26.
LaTeX Font Info:    Font shape `T1/ntxtlf/m/n' will be
(Font)              scaled to size 20.74pt on input line 26.
LaTeX Font Info:    Trying to load font information for U+msa on input line 26.
 (d:/texlive/2021/texmf-dist/tex/latex/amsfonts/umsa.fd
File: umsa.fd 2013/01/14 v3.01 AMS symbols A
)
LaTeX Font Info:    Trying to load font information for U+msb on input line 26.
 (d:/texlive/2021/texmf-dist/tex/latex/amsfonts/umsb.fd
File: umsb.fd 2013/01/14 v3.01 AMS symbols B
)
LaTeX Font Info:    Trying to load font information for U+rsfs on input line 26.
 (d:/texlive/2021/texmf-dist/tex/latex/jknapltx/ursfs.fd
File: ursfs.fd 1998/03/24 rsfs font definition file (jk)
)
LaTeX Font Info:    Trying to load font information for U+lasy on input line 26.
 (d:/texlive/2021/texmf-dist/tex/latex/base/ulasy.fd
File: ulasy.fd 1998/08/17 v2.2e LaTeX symbol font definitions
)
LaTeX Font Info:    Font shape `T1/ntxtlf/m/n' will be
(Font)              scaled to size 14.4pt on input line 26.
 [1

]
LaTeX Font Info:    Font shape `T1/ntxtlf/m/n' will be
(Font)              scaled to size 10.95pt on input line 26.
File: ./figures//mcmthesis-logo.pdf Graphic file (type pdf)
<use ./figures//mcmthesis-logo.pdf>
 [2]
LaTeX Font Info:    Font shape `T1/ntxtlf/m/n' will be
(Font)              scaled to size 17.28pt on input line 44.
LaTeX Font Info:    Font shape `T1/ntxtlf/b/n' will be
(Font)              scaled to size 17.28pt on input line 44.
LaTeX Font Info:    Trying to load font information for T1+qhv on input line 44.
 (d:/texlive/2021/texmf-dist/tex/latex/tex-gyre/t1qhv.fd
File: t1qhv.fd 2009/09/25 v1.2 font definition file for T1/qhv
)
LaTeX Font Info:    Font shape `T1/qhv/b/n' will be
(Font)              scaled to size 15.55188pt on input line 44.
 (./ms论文.toc
Missing character: There is no Ⅰ ("2160) in font ntx-Bold-tlf-t1!
Missing character: There is no ： ("FF1A) in font ntx-Bold-tlf-t1!
Missing character: There is no Ⅱ ("2161) in font ntx-Bold-tlf-t1!
 [1]
Missing character: There is no Ⅲ ("2162) in font ntx-Bold-tlf-t1!
)
\tf@toc=\write5
\openout5 = `ms论文.toc'.

LaTeX Font Info:    Font shape `T1/qhv/m/n' will be
(Font)              scaled to size 9.85492pt on input line 45.


Package fancyhdr Warning: \headheight is too small (12.0pt): 
(fancyhdr)                Make it at least 13.59999pt, for example:
(fancyhdr)                \setlength{\headheight}{13.59999pt}.
(fancyhdr)                You might also make \topmargin smaller to compensate:
(fancyhdr)                \addtolength{\topmargin}{-1.59999pt}.

[2]
LaTeX Font Info:    Font shape `T1/ntxtlf/b/n' will be
(Font)              scaled to size 14.4pt on input line 50.
Missing character: There is no 随 ("968F) in font ntx-Regular-tlf-t1!
Missing character: There is no 着 ("7740) in font ntx-Regular-tlf-t1!
Missing character: There is no 个 ("4E2A) in font ntx-Regular-tlf-t1!
Missing character: There is no 人 ("4EBA) in font ntx-Regular-tlf-t1!
Missing character: There is no 资 ("8D44) in font ntx-Regular-tlf-t1!
Missing character: There is no 产 ("4EA7) in font ntx-Regular-tlf-t1!
Missing character: There is no 的 ("7684) in font ntx-Regular-tlf-t1!
Missing character: There is no 累 ("7D2F) in font ntx-Regular-tlf-t1!
Missing character: There is no 计 ("8BA1) in font ntx-Regular-tlf-t1!
Missing character: There is no ， ("FF0C) in font ntx-Regular-tlf-t1!
Missing character: There is no 越 ("8D8A) in font ntx-Regular-tlf-t1!
Missing character: There is no 来 ("6765) in font ntx-Regular-tlf-t1!
Missing character: There is no 越 ("8D8A) in font ntx-Regular-tlf-t1!
Missing character: There is no 多 ("591A) in font ntx-Regular-tlf-t1!
Missing character: There is no 的 ("7684) in font ntx-Regular-tlf-t1!
Missing character: There is no 人 ("4EBA) in font ntx-Regular-tlf-t1!
Missing character: There is no 进 ("8FDB) in font ntx-Regular-tlf-t1!
Missing character: There is no 入 ("5165) in font ntx-Regular-tlf-t1!
Missing character: There is no 投 ("6295) in font ntx-Regular-tlf-t1!
Missing character: There is no 资 ("8D44) in font ntx-Regular-tlf-t1!
Missing character: There is no 市 ("5E02) in font ntx-Regular-tlf-t1!
Missing character: There is no 场 ("573A) in font ntx-Regular-tlf-t1!
Missing character: There is no ， ("FF0C) in font ntx-Regular-tlf-t1!
Missing character: There is no 为 ("4E3A) in font ntx-Regular-tlf-t1!
Missing character: There is no 了 ("4E86) in font ntx-Regular-tlf-t1!
Missing character: There is no 在 ("5728) in font ntx-Regular-tlf-t1!
Missing character: There is no 使 ("4F7F) in font ntx-Regular-tlf-t1!
Missing character: There is no 现 ("73B0) in font ntx-Regular-tlf-t1!
Missing character: There is no 有 ("6709) in font ntx-Regular-tlf-t1!
Missing character: There is no 资 ("8D44) in font ntx-Regular-tlf-t1!
Missing character: There is no 产 ("4EA7) in font ntx-Regular-tlf-t1!
Missing character: There is no 保 ("4FDD) in font ntx-Regular-tlf-t1!
Missing character: There is no 值 ("503C) in font ntx-Regular-tlf-t1!
Missing character: There is no 或 ("6216) in font ntx-Regular-tlf-t1!
Missing character: There is no 更 ("66F4) in font ntx-Regular-tlf-t1!
Missing character: There is no 有 ("6709) in font ntx-Regular-tlf-t1!
Missing character: There is no 价 ("4EF7) in font ntx-Regular-tlf-t1!
Missing character: There is no 值 ("503C) in font ntx-Regular-tlf-t1!
Missing character: There is no 。 ("3002) in font ntx-Regular-tlf-t1!
Missing character: There is no 但 ("4F46) in font ntx-Regular-tlf-t1!
Missing character: There is no 我 ("6211) in font ntx-Regular-tlf-t1!
Missing character: There is no 们 ("4EEC) in font ntx-Regular-tlf-t1!
Missing character: There is no 都 ("90FD) in font ntx-Regular-tlf-t1!
Missing character: There is no 知 ("77E5) in font ntx-Regular-tlf-t1!
Missing character: There is no 道 ("9053) in font ntx-Regular-tlf-t1!
Missing character: There is no ， ("FF0C) in font ntx-Regular-tlf-t1!
Missing character: There is no 投 ("6295) in font ntx-Regular-tlf-t1!
Missing character: There is no 资 ("8D44) in font ntx-Regular-tlf-t1!
Missing character: There is no 类 ("7C7B) in font ntx-Regular-tlf-t1!
Missing character: There is no 产 ("4EA7) in font ntx-Regular-tlf-t1!
Missing character: There is no 品 ("54C1) in font ntx-Regular-tlf-t1!
Missing character: There is no 常 ("5E38) in font ntx-Regular-tlf-t1!
Missing character: There is no 有 ("6709) in font ntx-Regular-tlf-t1!
Missing character: There is no 很 ("5F88) in font ntx-Regular-tlf-t1!
Missing character: There is no 强 ("5F3A) in font ntx-Regular-tlf-t1!
Missing character: There is no 的 ("7684) in font ntx-Regular-tlf-t1!
Missing character: There is no 波 ("6CE2) in font ntx-Regular-tlf-t1!
Missing character: There is no 动 ("52A8) in font ntx-Regular-tlf-t1!
Missing character: There is no 性 ("6027) in font ntx-Regular-tlf-t1!
Missing character: There is no ， ("FF0C) in font ntx-Regular-tlf-t1!
Missing character: There is no 它 ("5B83) in font ntx-Regular-tlf-t1!
Missing character: There is no 很 ("5F88) in font ntx-Regular-tlf-t1!
Missing character: There is no 难 ("96BE) in font ntx-Regular-tlf-t1!
Missing character: There is no 预 ("9884) in font ntx-Regular-tlf-t1!
Missing character: There is no 测 ("6D4B) in font ntx-Regular-tlf-t1!
Missing character: There is no 。 ("3002) in font ntx-Regular-tlf-t1!
Missing character: There is no 在 ("5728) in font ntx-Regular-tlf-t1!
Missing character: There is no 众 ("4F17) in font ntx-Regular-tlf-t1!
Missing character: There is no 多 ("591A) in font ntx-Regular-tlf-t1!
Missing character: There is no 投 ("6295) in font ntx-Regular-tlf-t1!
Missing character: There is no 资 ("8D44) in font ntx-Regular-tlf-t1!
Missing character: There is no 产 ("4EA7) in font ntx-Regular-tlf-t1!
Missing character: There is no 品 ("54C1) in font ntx-Regular-tlf-t1!
Missing character: There is no 中 ("4E2D) in font ntx-Regular-tlf-t1!
Missing character: There is no ， ("FF0C) in font ntx-Regular-tlf-t1!
Missing character: There is no 黄 ("9EC4) in font ntx-Regular-tlf-t1!
Missing character: There is no 金 ("91D1) in font ntx-Regular-tlf-t1!
Missing character: There is no 和 ("548C) in font ntx-Regular-tlf-t1!
Missing character: There is no 比 ("6BD4) in font ntx-Regular-tlf-t1!
Missing character: There is no 特 ("7279) in font ntx-Regular-tlf-t1!
Missing character: There is no 币 ("5E01) in font ntx-Regular-tlf-t1!
Missing character: There is no 最 ("6700) in font ntx-Regular-tlf-t1!
Missing character: There is no 受 ("53D7) in font ntx-Regular-tlf-t1!
Missing character: There is no 人 ("4EBA) in font ntx-Regular-tlf-t1!
Missing character: There is no 关 ("5173) in font ntx-Regular-tlf-t1!
Missing character: There is no 注 ("6CE8) in font ntx-Regular-tlf-t1!
Missing character: There is no 。 ("3002) in font ntx-Regular-tlf-t1!
Missing character: There is no 特 ("7279) in font ntx-Regular-tlf-t1!
Missing character: There is no 别 ("522B) in font ntx-Regular-tlf-t1!
Missing character: There is no 是 ("662F) in font ntx-Regular-tlf-t1!
Missing character: There is no 比 ("6BD4) in font ntx-Regular-tlf-t1!
Missing character: There is no 特 ("7279) in font ntx-Regular-tlf-t1!
Missing character: There is no 币 ("5E01) in font ntx-Regular-tlf-t1!
Missing character: There is no ， ("FF0C) in font ntx-Regular-tlf-t1!
Missing character: There is no 自 ("81EA) in font ntx-Regular-tlf-t1!
Missing character: There is no 出 ("51FA) in font ntx-Regular-tlf-t1!
Missing character: There is no 现 ("73B0) in font ntx-Regular-tlf-t1!
Missing character: There is no 以 ("4EE5) in font ntx-Regular-tlf-t1!
Missing character: There is no 来 ("6765) in font ntx-Regular-tlf-t1!
Missing character: There is no 交 ("4EA4) in font ntx-Regular-tlf-t1!
Missing character: There is no 易 ("6613) in font ntx-Regular-tlf-t1!
Missing character: There is no 规 ("89C4) in font ntx-Regular-tlf-t1!
Missing character: There is no 模 ("6A21) in font ntx-Regular-tlf-t1!
Missing character: There is no 迅 ("8FC5) in font ntx-Regular-tlf-t1!
Missing character: There is no 速 ("901F) in font ntx-Regular-tlf-t1!
Missing character: There is no 扩 ("6269) in font ntx-Regular-tlf-t1!
Missing character: There is no 张 ("5F20) in font ntx-Regular-tlf-t1!
Missing character: There is no 但 ("4F46) in font ntx-Regular-tlf-t1!
Missing character: There is no 巨 ("5DE8) in font ntx-Regular-tlf-t1!
Missing character: There is no 大 ("5927) in font ntx-Regular-tlf-t1!
Missing character: There is no 的 ("7684) in font ntx-Regular-tlf-t1!
Missing character: There is no 价 ("4EF7) in font ntx-Regular-tlf-t1!
Missing character: There is no 格 ("683C) in font ntx-Regular-tlf-t1!
Missing character: There is no 波 ("6CE2) in font ntx-Regular-tlf-t1!
Missing character: There is no 动 ("52A8) in font ntx-Regular-tlf-t1!
Missing character: There is no 使 ("4F7F) in font ntx-Regular-tlf-t1!
Missing character: There is no 其 ("5176) in font ntx-Regular-tlf-t1!
Missing character: There is no 安 ("5B89) in font ntx-Regular-tlf-t1!
Missing character: There is no 全 ("5168) in font ntx-Regular-tlf-t1!
Missing character: There is no 性 ("6027) in font ntx-Regular-tlf-t1!
Missing character: There is no 和 ("548C) in font ntx-Regular-tlf-t1!
Missing character: There is no 稳 ("7A33) in font ntx-Regular-tlf-t1!
Missing character: There is no 定 ("5B9A) in font ntx-Regular-tlf-t1!
Missing character: There is no 性 ("6027) in font ntx-Regular-tlf-t1!
Missing character: There is no 受 ("53D7) in font ntx-Regular-tlf-t1!
Missing character: There is no 到 ("5230) in font ntx-Regular-tlf-t1!
Missing character: There is no 质 ("8D28) in font ntx-Regular-tlf-t1!
Missing character: There is no 疑 ("7591) in font ntx-Regular-tlf-t1!
Missing character: There is no 。 ("3002) in font ntx-Regular-tlf-t1!
Missing character: There is no 那 ("90A3) in font ntx-Regular-tlf-t1!
Missing character: There is no 么 ("4E48) in font ntx-Regular-tlf-t1!
Missing character: There is no ， ("FF0C) in font ntx-Regular-tlf-t1!
Missing character: There is no 在 ("5728) in font ntx-Regular-tlf-t1!
Missing character: There is no 黄 ("9EC4) in font ntx-Regular-tlf-t1!
Missing character: There is no 金 ("91D1) in font ntx-Regular-tlf-t1!
Missing character: There is no 和 ("548C) in font ntx-Regular-tlf-t1!
Missing character: There is no 比 ("6BD4) in font ntx-Regular-tlf-t1!
Missing character: There is no 特 ("7279) in font ntx-Regular-tlf-t1!
Missing character: There is no 币 ("5E01) in font ntx-Regular-tlf-t1!
Missing character: There is no 投 ("6295) in font ntx-Regular-tlf-t1!
Missing character: There is no 资 ("8D44) in font ntx-Regular-tlf-t1!
Missing character: There is no 热 ("70ED) in font ntx-Regular-tlf-t1!
Missing character: There is no 潮 ("6F6E) in font ntx-Regular-tlf-t1!
Missing character: There is no 下 ("4E0B) in font ntx-Regular-tlf-t1!
Missing character: There is no ， ("FF0C) in font ntx-Regular-tlf-t1!
Missing character: There is no 对 ("5BF9) in font ntx-Regular-tlf-t1!
Missing character: There is no 普 ("666E) in font ntx-Regular-tlf-t1!
Missing character: There is no 通 ("901A) in font ntx-Regular-tlf-t1!
Missing character: There is no 交 ("4EA4) in font ntx-Regular-tlf-t1!
Missing character: There is no 易 ("6613) in font ntx-Regular-tlf-t1!
Missing character: There is no 者 ("8005) in font ntx-Regular-tlf-t1!
Missing character: There is no 大 ("5927) in font ntx-Regular-tlf-t1!
Missing character: There is no 幅 ("5E45) in font ntx-Regular-tlf-t1!
Missing character: There is no 度 ("5EA6) in font ntx-Regular-tlf-t1!
Missing character: There is no 得 ("5F97) in font ntx-Regular-tlf-t1!
Missing character: There is no 利 ("5229) in font ntx-Regular-tlf-t1!
Missing character: There is no 的 ("7684) in font ntx-Regular-tlf-t1!
Missing character: There is no 投 ("6295) in font ntx-Regular-tlf-t1!
Missing character: There is no 资 ("8D44) in font ntx-Regular-tlf-t1!
Missing character: There is no 组 ("7EC4) in font ntx-Regular-tlf-t1!
Missing character: There is no 合 ("5408) in font ntx-Regular-tlf-t1!
Missing character: There is no 很 ("5F88) in font ntx-Regular-tlf-t1!
Missing character: There is no 难 ("96BE) in font ntx-Regular-tlf-t1!
Missing character: There is no 实 ("5B9E) in font ntx-Regular-tlf-t1!
Missing character: There is no 现 ("73B0) in font ntx-Regular-tlf-t1!
Missing character: There is no 。 ("3002) in font ntx-Regular-tlf-t1!
Missing character: There is no 这 ("8FD9) in font ntx-Regular-tlf-t1!
Missing character: There is no 是 ("662F) in font ntx-Regular-tlf-t1!
Missing character: There is no 很 ("5F88) in font ntx-Regular-tlf-t1!
Missing character: There is no 重 ("91CD) in font ntx-Regular-tlf-t1!
Missing character: There is no 要 ("8981) in font ntx-Regular-tlf-t1!
Missing character: There is no 的 ("7684) in font ntx-Regular-tlf-t1!
Missing character: There is no ， ("FF0C) in font ntx-Regular-tlf-t1!
Missing character: There is no 根 ("6839) in font ntx-Regular-tlf-t1!
Missing character: There is no 据 ("636E) in font ntx-Regular-tlf-t1!
Missing character: There is no 每 ("6BCF) in font ntx-Regular-tlf-t1!
Missing character: There is no 天 ("5929) in font ntx-Regular-tlf-t1!
Missing character: There is no 和 ("548C) in font ntx-Regular-tlf-t1!
Missing character: There is no 前 ("524D) in font ntx-Regular-tlf-t1!
Missing character: There is no 几 ("51E0) in font ntx-Regular-tlf-t1!
Missing character: There is no 天 ("5929) in font ntx-Regular-tlf-t1!
Missing character: There is no 更 ("66F4) in font ntx-Regular-tlf-t1!
Missing character: There is no 新 ("65B0) in font ntx-Regular-tlf-t1!
Missing character: There is no 的 ("7684) in font ntx-Regular-tlf-t1!
Missing character: There is no 交 ("4EA4) in font ntx-Regular-tlf-t1!
Missing character: There is no 易 ("6613) in font ntx-Regular-tlf-t1!
Missing character: There is no 数 ("6570) in font ntx-Regular-tlf-t1!
Missing character: There is no 据 ("636E) in font ntx-Regular-tlf-t1!
Missing character: There is no ， ("FF0C) in font ntx-Regular-tlf-t1!
Missing character: There is no 来 ("6765) in font ntx-Regular-tlf-t1!
Missing character: There is no 预 ("9884) in font ntx-Regular-tlf-t1!
Missing character: There is no 测 ("6D4B) in font ntx-Regular-tlf-t1!
Missing character: There is no 未 ("672A) in font ntx-Regular-tlf-t1!
Missing character: There is no 来 ("6765) in font ntx-Regular-tlf-t1!
Missing character: There is no 波 ("6CE2) in font ntx-Regular-tlf-t1!
Missing character: There is no 动 ("52A8) in font ntx-Regular-tlf-t1!
Missing character: There is no 性 ("6027) in font ntx-Regular-tlf-t1!
Missing character: There is no 资 ("8D44) in font ntx-Regular-tlf-t1!
Missing character: There is no 产 ("4EA7) in font ntx-Regular-tlf-t1!
Missing character: There is no 的 ("7684) in font ntx-Regular-tlf-t1!
Missing character: There is no 发 ("53D1) in font ntx-Regular-tlf-t1!
Missing character: There is no 展 ("5C55) in font ntx-Regular-tlf-t1!
Missing character: There is no 趋 ("8D8B) in font ntx-Regular-tlf-t1!
Missing character: There is no 势 ("52BF) in font ntx-Regular-tlf-t1!
Missing character: There is no 。 ("3002) in font ntx-Regular-tlf-t1!
Missing character: There is no 因 ("56E0) in font ntx-Regular-tlf-t1!
Missing character: There is no 此 ("6B64) in font ntx-Regular-tlf-t1!
Missing character: There is no ， ("FF0C) in font ntx-Regular-tlf-t1!
Missing character: There is no 交 ("4EA4) in font ntx-Regular-tlf-t1!
Missing character: There is no 易 ("6613) in font ntx-Regular-tlf-t1!
Missing character: There is no 者 ("8005) in font ntx-Regular-tlf-t1!
Missing character: There is no 提 ("63D0) in font ntx-Regular-tlf-t1!
Missing character: There is no 出 ("51FA) in font ntx-Regular-tlf-t1!
Missing character: There is no 根 ("6839) in font ntx-Regular-tlf-t1!
Missing character: There is no 据 ("636E) in font ntx-Regular-tlf-t1!
Missing character: There is no 我 ("6211) in font ntx-Regular-tlf-t1!
Missing character: There is no 们 ("4EEC) in font ntx-Regular-tlf-t1!
Missing character: There is no 的 ("7684) in font ntx-Regular-tlf-t1!
Missing character: There is no 理 ("7406) in font ntx-Regular-tlf-t1!
Missing character: There is no 解 ("89E3) in font ntx-Regular-tlf-t1!
Missing character: There is no ， ("FF0C) in font ntx-Regular-tlf-t1!
Missing character: There is no 问 ("95EE) in font ntx-Regular-tlf-t1!
Missing character: There is no 题 ("9898) in font ntx-Regular-tlf-t1!
Missing character: There is no 主 ("4E3B) in font ntx-Regular-tlf-t1!
Missing character: There is no 要 ("8981) in font ntx-Regular-tlf-t1!
Missing character: There is no 有 ("6709) in font ntx-Regular-tlf-t1!
Missing character: There is no 以 ("4EE5) in font ntx-Regular-tlf-t1!
Missing character: There is no 下 ("4E0B) in font ntx-Regular-tlf-t1!
Missing character: There is no 几 ("51E0) in font ntx-Regular-tlf-t1!
Missing character: There is no 个 ("4E2A) in font ntx-Regular-tlf-t1!
Missing character: There is no 要 ("8981) in font ntx-Regular-tlf-t1!
Missing character: There is no 点 ("70B9) in font ntx-Regular-tlf-t1!
Missing character: There is no ： ("FF1A) in font ntx-Regular-tlf-t1!
Missing character: There is no 用 ("7528) in font ntx-Regular-tlf-t1!
Missing character: There is no 原 ("539F) in font ntx-Regular-tlf-t1!
Missing character: There is no 始 ("59CB) in font ntx-Regular-tlf-t1!
Missing character: There is no 数 ("6570) in font ntx-Regular-tlf-t1!
Missing character: There is no 据 ("636E) in font ntx-Regular-tlf-t1!
Missing character: There is no 建 ("5EFA) in font ntx-Regular-tlf-t1!
Missing character: There is no 立 ("7ACB) in font ntx-Regular-tlf-t1!
Missing character: There is no 一 ("4E00) in font ntx-Regular-tlf-t1!
Missing character: There is no 个 ("4E2A) in font ntx-Regular-tlf-t1!
Missing character: There is no 模 ("6A21) in font ntx-Regular-tlf-t1!
Missing character: There is no 型 ("578B) in font ntx-Regular-tlf-t1!
Missing character: There is no ， ("FF0C) in font ntx-Regular-tlf-t1!
Missing character: There is no 分 ("5206) in font ntx-Regular-tlf-t1!
Missing character: There is no 析 ("6790) in font ntx-Regular-tlf-t1!
Missing character: There is no 黄 ("9EC4) in font ntx-Regular-tlf-t1!
Missing character: There is no 金 ("91D1) in font ntx-Regular-tlf-t1!
Missing character: There is no 和 ("548C) in font ntx-Regular-tlf-t1!
Missing character: There is no 比 ("6BD4) in font ntx-Regular-tlf-t1!
Missing character: There is no 特 ("7279) in font ntx-Regular-tlf-t1!
Missing character: There is no 币 ("5E01) in font ntx-Regular-tlf-t1!
Missing character: There is no 价 ("4EF7) in font ntx-Regular-tlf-t1!
Missing character: There is no 值 ("503C) in font ntx-Regular-tlf-t1!
Missing character: There is no 走 ("8D70) in font ntx-Regular-tlf-t1!
Missing character: There is no 向 ("5411) in font ntx-Regular-tlf-t1!
Missing character: There is no 基 ("57FA) in font ntx-Regular-tlf-t1!
Missing character: There is no 于 ("4E8E) in font ntx-Regular-tlf-t1!
Missing character: There is no 时 ("65F6) in font ntx-Regular-tlf-t1!
Missing character: There is no 间 ("95F4) in font ntx-Regular-tlf-t1!
Missing character: There is no 序 ("5E8F) in font ntx-Regular-tlf-t1!
Missing character: There is no 列 ("5217) in font ntx-Regular-tlf-t1!
Missing character: There is no 模 ("6A21) in font ntx-Regular-tlf-t1!
Missing character: There is no 型 ("578B) in font ntx-Regular-tlf-t1!
Missing character: There is no ， ("FF0C) in font ntx-Regular-tlf-t1!
Missing character: There is no 预 ("9884) in font ntx-Regular-tlf-t1!
Missing character: There is no 测 ("6D4B) in font ntx-Regular-tlf-t1!
Missing character: There is no 未 ("672A) in font ntx-Regular-tlf-t1!
Missing character: There is no 来 ("6765) in font ntx-Regular-tlf-t1!
Missing character: There is no 波 ("6CE2) in font ntx-Regular-tlf-t1!
Missing character: There is no 动 ("52A8) in font ntx-Regular-tlf-t1!
Missing character: There is no 性 ("6027) in font ntx-Regular-tlf-t1!
Missing character: There is no 资 ("8D44) in font ntx-Regular-tlf-t1!
Missing character: There is no 产 ("4EA7) in font ntx-Regular-tlf-t1!
Missing character: There is no 的 ("7684) in font ntx-Regular-tlf-t1!
Missing character: There is no 走 ("8D70) in font ntx-Regular-tlf-t1!
Missing character: There is no 势 ("52BF) in font ntx-Regular-tlf-t1!
Missing character: There is no 解 ("89E3) in font ntx-Regular-tlf-t1!
Missing character: There is no 决 ("51B3) in font ntx-Regular-tlf-t1!
Missing character: There is no 利 ("5229) in font ntx-Regular-tlf-t1!
Missing character: There is no 用 ("7528) in font ntx-Regular-tlf-t1!
Missing character: There is no 动 ("52A8) in font ntx-Regular-tlf-t1!
Missing character: There is no 态 ("6001) in font ntx-Regular-tlf-t1!
Missing character: There is no 规 ("89C4) in font ntx-Regular-tlf-t1!
Missing character: There is no 划 ("5212) in font ntx-Regular-tlf-t1!
Missing character: There is no 实 ("5B9E) in font ntx-Regular-tlf-t1!
Missing character: There is no 现 ("73B0) in font ntx-Regular-tlf-t1!
Missing character: There is no 利 ("5229) in font ntx-Regular-tlf-t1!
Missing character: There is no 益 ("76CA) in font ntx-Regular-tlf-t1!
Missing character: There is no 最 ("6700) in font ntx-Regular-tlf-t1!
Missing character: There is no 大 ("5927) in font ntx-Regular-tlf-t1!
Missing character: There is no 化 ("5316) in font ntx-Regular-tlf-t1!
Missing character: There is no 问 ("95EE) in font ntx-Regular-tlf-t1!
Missing character: There is no 题 ("9898) in font ntx-Regular-tlf-t1!
Missing character: There is no 确 ("786E) in font ntx-Regular-tlf-t1!
Missing character: There is no 定 ("5B9A) in font ntx-Regular-tlf-t1!
Missing character: There is no 交 ("4EA4) in font ntx-Regular-tlf-t1!
Missing character: There is no 易 ("6613) in font ntx-Regular-tlf-t1!
Missing character: There is no 者 ("8005) in font ntx-Regular-tlf-t1!
Missing character: There is no 每 ("6BCF) in font ntx-Regular-tlf-t1!
Missing character: There is no 天 ("5929) in font ntx-Regular-tlf-t1!
Missing character: There is no 的 ("7684) in font ntx-Regular-tlf-t1!
Missing character: There is no 交 ("4EA4) in font ntx-Regular-tlf-t1!
Missing character: There is no 易 ("6613) in font ntx-Regular-tlf-t1!
Missing character: There is no 决 ("51B3) in font ntx-Regular-tlf-t1!
Missing character: There is no 策 ("7B56) in font ntx-Regular-tlf-t1!
Missing character: There is no 以 ("4EE5) in font ntx-Regular-tlf-t1!
Missing character: There is no 及 ("53CA) in font ntx-Regular-tlf-t1!
Missing character: There is no 交 ("4EA4) in font ntx-Regular-tlf-t1!
Missing character: There is no 易 ("6613) in font ntx-Regular-tlf-t1!
Missing character: There is no 行 ("884C) in font ntx-Regular-tlf-t1!
Missing character: There is no 为 ("4E3A) in font ntx-Regular-tlf-t1!
Missing character: There is no ， ("FF0C) in font ntx-Regular-tlf-t1!
Missing character: There is no 在 ("5728) in font ntx-Regular-tlf-t1!
Missing character: There is no 有 ("6709) in font ntx-Regular-tlf-t1!
Missing character: There is no 交 ("4EA4) in font ntx-Regular-tlf-t1!
Missing character: There is no 易 ("6613) in font ntx-Regular-tlf-t1!
Missing character: There is no 佣 ("4F63) in font ntx-Regular-tlf-t1!
Missing character: There is no 金 ("91D1) in font ntx-Regular-tlf-t1!
Missing character: There is no 的 ("7684) in font ntx-Regular-tlf-t1!
Missing character: There is no 背 ("80CC) in font ntx-Regular-tlf-t1!
Missing character: There is no 景 ("666F) in font ntx-Regular-tlf-t1!
Missing character: There is no 下 ("4E0B) in font ntx-Regular-tlf-t1!
Missing character: There is no 证 ("8BC1) in font ntx-Regular-tlf-t1!
Missing character: There is no 明 ("660E) in font ntx-Regular-tlf-t1!
Missing character: There is no 我 ("6211) in font ntx-Regular-tlf-t1!
Missing character: There is no 们 ("4EEC) in font ntx-Regular-tlf-t1!
Missing character: There is no 提 ("63D0) in font ntx-Regular-tlf-t1!
Missing character: There is no 供 ("4F9B) in font ntx-Regular-tlf-t1!
Missing character: There is no 了 ("4E86) in font ntx-Regular-tlf-t1!
Missing character: There is no 最 ("6700) in font ntx-Regular-tlf-t1!
Missing character: There is no 优 ("4F18) in font ntx-Regular-tlf-t1!
Missing character: There is no 策 ("7B56) in font ntx-Regular-tlf-t1!
Missing character: There is no 略 ("7565) in font ntx-Regular-tlf-t1!
Missing character: There is no 明 ("660E) in font ntx-Regular-tlf-t1!
Missing character: There is no 确 ("786E) in font ntx-Regular-tlf-t1!
Missing character: There is no 问 ("95EE) in font ntx-Regular-tlf-t1!
Missing character: There is no 题 ("9898) in font ntx-Regular-tlf-t1!
Missing character: There is no 后 ("540E) in font ntx-Regular-tlf-t1!
Missing character: There is no ， ("FF0C) in font ntx-Regular-tlf-t1!
Missing character: There is no 我 ("6211) in font ntx-Regular-tlf-t1!
Missing character: There is no 们 ("4EEC) in font ntx-Regular-tlf-t1!
Missing character: There is no 的 ("7684) in font ntx-Regular-tlf-t1!
Missing character: There is no 认 ("8BA4) in font ntx-Regular-tlf-t1!
Missing character: There is no 为 ("4E3A) in font ntx-Regular-tlf-t1!
Missing character: There is no 模 ("6A21) in font ntx-Regular-tlf-t1!
Missing character: There is no 型 ("578B) in font ntx-Regular-tlf-t1!
Missing character: There is no 在 ("5728) in font ntx-Regular-tlf-t1!
Missing character: There is no 时 ("65F6) in font ntx-Regular-tlf-t1!
Missing character: There is no 间 ("95F4) in font ntx-Regular-tlf-t1!
Missing character: There is no 序 ("5E8F) in font ntx-Regular-tlf-t1!
Missing character: There is no 列 ("5217) in font ntx-Regular-tlf-t1!
Missing character: There is no 分 ("5206) in font ntx-Regular-tlf-t1!
Missing character: There is no 析 ("6790) in font ntx-Regular-tlf-t1!
Missing character: There is no 问 ("95EE) in font ntx-Regular-tlf-t1!
Missing character: There is no 题 ("9898) in font ntx-Regular-tlf-t1!
Missing character: There is no 上 ("4E0A) in font ntx-Regular-tlf-t1!
Missing character: There is no 较 ("8F83) in font ntx-Regular-tlf-t1!
Missing character: There is no 传 ("4F20) in font ntx-Regular-tlf-t1!
Missing character: There is no 统 ("7EDF) in font ntx-Regular-tlf-t1!
Missing character: There is no 模 ("6A21) in font ntx-Regular-tlf-t1!
Missing character: There is no 型 ("578B) in font ntx-Regular-tlf-t1!
Missing character: There is no 有 ("6709) in font ntx-Regular-tlf-t1!
Missing character: There is no 很 ("5F88) in font ntx-Regular-tlf-t1!
Missing character: There is no 大 ("5927) in font ntx-Regular-tlf-t1!
Missing character: There is no 优 ("4F18) in font ntx-Regular-tlf-t1!
Missing character: There is no 势 ("52BF) in font ntx-Regular-tlf-t1!
Missing character: There is no ， ("FF0C) in font ntx-Regular-tlf-t1!
Missing character: There is no 工 ("5DE5) in font ntx-Regular-tlf-t1!
Missing character: There is no 作 ("4F5C) in font ntx-Regular-tlf-t1!
Missing character: There is no 概 ("6982) in font ntx-Regular-tlf-t1!
Missing character: There is no 览 ("89C8) in font ntx-Regular-tlf-t1!
Missing character: There is no 如 ("5982) in font ntx-Regular-tlf-t1!
Missing character: There is no 下 ("4E0B) in font ntx-Regular-tlf-t1!
Missing character: There is no ： ("FF1A) in font ntx-Regular-tlf-t1!
Missing character: There is no 首 ("9996) in font ntx-Regular-tlf-t1!
Missing character: There is no 先 ("5148) in font ntx-Regular-tlf-t1!
Missing character: There is no ， ("FF0C) in font ntx-Regular-tlf-t1!
Missing character: There is no 我 ("6211) in font ntx-Regular-tlf-t1!
Missing character: There is no 们 ("4EEC) in font ntx-Regular-tlf-t1!
Missing character: There is no 对 ("5BF9) in font ntx-Regular-tlf-t1!
Missing character: There is no 原 ("539F) in font ntx-Regular-tlf-t1!
Missing character: There is no 始 ("59CB) in font ntx-Regular-tlf-t1!
Missing character: There is no 数 ("6570) in font ntx-Regular-tlf-t1!
Missing character: There is no 据 ("636E) in font ntx-Regular-tlf-t1!
Missing character: There is no 进 ("8FDB) in font ntx-Regular-tlf-t1!
Missing character: There is no 行 ("884C) in font ntx-Regular-tlf-t1!
Missing character: There is no 了 ("4E86) in font ntx-Regular-tlf-t1!
Missing character: There is no 预 ("9884) in font ntx-Regular-tlf-t1!
Missing character: There is no 处 ("5904) in font ntx-Regular-tlf-t1!
Missing character: There is no 理 ("7406) in font ntx-Regular-tlf-t1!
Missing character: There is no ， ("FF0C) in font ntx-Regular-tlf-t1!
Missing character: There is no 包 ("5305) in font ntx-Regular-tlf-t1!
Missing character: There is no 括 ("62EC) in font ntx-Regular-tlf-t1!
Missing character: There is no 对 ("5BF9) in font ntx-Regular-tlf-t1!
Missing character: There is no 数 ("6570) in font ntx-Regular-tlf-t1!
Missing character: There is no 据 ("636E) in font ntx-Regular-tlf-t1!
Missing character: There is no 的 ("7684) in font ntx-Regular-tlf-t1!
Missing character: There is no 筛 ("7B5B) in font ntx-Regular-tlf-t1!
Missing character: There is no 选 ("9009) in font ntx-Regular-tlf-t1!
Missing character: There is no 、 ("3001) in font ntx-Regular-tlf-t1!
Missing character: There is no 使 ("4F7F) in font ntx-Regular-tlf-t1!
Missing character: There is no 数 ("6570) in font ntx-Regular-tlf-t1!
Missing character: There is no 据 ("636E) in font ntx-Regular-tlf-t1!
Missing character: There is no 可 ("53EF) in font ntx-Regular-tlf-t1!
Missing character: There is no 视 ("89C6) in font ntx-Regular-tlf-t1!
Missing character: There is no 化 ("5316) in font ntx-Regular-tlf-t1!
Missing character: There is no 、 ("3001) in font ntx-Regular-tlf-t1!
Missing character: There is no 挖 ("6316) in font ntx-Regular-tlf-t1!
Missing character: There is no 掘 ("6398) in font ntx-Regular-tlf-t1!
Missing character: There is no 出 ("51FA) in font ntx-Regular-tlf-t1!
Missing character: There is no 时 ("65F6) in font ntx-Regular-tlf-t1!
Missing character: There is no 间 ("95F4) in font ntx-Regular-tlf-t1!
Missing character: There is no 序 ("5E8F) in font ntx-Regular-tlf-t1!
Missing character: There is no 列 ("5217) in font ntx-Regular-tlf-t1!
Missing character: There is no 。 ("3002) in font ntx-Regular-tlf-t1!
Missing character: There is no 这 ("8FD9) in font ntx-Regular-tlf-t1!
Missing character: There is no 部 ("90E8) in font ntx-Regular-tlf-t1!
Missing character: There is no 分 ("5206) in font ntx-Regular-tlf-t1!
Missing character: There is no 的 ("7684) in font ntx-Regular-tlf-t1!
Missing character: There is no 工 ("5DE5) in font ntx-Regular-tlf-t1!
Missing character: There is no 作 ("4F5C) in font ntx-Regular-tlf-t1!
Missing character: There is no 可 ("53EF) in font ntx-Regular-tlf-t1!
Missing character: There is no 以 ("4EE5) in font ntx-Regular-tlf-t1!
Missing character: There is no 极 ("6781) in font ntx-Regular-tlf-t1!
Missing character: There is no 大 ("5927) in font ntx-Regular-tlf-t1!
Missing character: There is no 提 ("63D0) in font ntx-Regular-tlf-t1!
Missing character: There is no 高 ("9AD8) in font ntx-Regular-tlf-t1!
Missing character: There is no 建 ("5EFA) in font ntx-Regular-tlf-t1!
Missing character: There is no 模 ("6A21) in font ntx-Regular-tlf-t1!
Missing character: There is no 的 ("7684) in font ntx-Regular-tlf-t1!
Missing character: There is no 效 ("6548) in font ntx-Regular-tlf-t1!
Missing character: There is no 率 ("7387) in font ntx-Regular-tlf-t1!
Missing character: There is no 和 ("548C) in font ntx-Regular-tlf-t1!
Missing character: There is no 分 ("5206) in font ntx-Regular-tlf-t1!
Missing character: There is no 析 ("6790) in font ntx-Regular-tlf-t1!
Missing character: There is no 波 ("6CE2) in font ntx-Regular-tlf-t1!
Missing character: There is no 动 ("52A8) in font ntx-Regular-tlf-t1!
Missing character: There is no 性 ("6027) in font ntx-Regular-tlf-t1!
Missing character: There is no 资 ("8D44) in font ntx-Regular-tlf-t1!
Missing character: There is no 产 ("4EA7) in font ntx-Regular-tlf-t1!
Missing character: There is no 的 ("7684) in font ntx-Regular-tlf-t1!
Missing character: There is no 效 ("6548) in font ntx-Regular-tlf-t1!
Missing character: There is no 率 ("7387) in font ntx-Regular-tlf-t1!
Missing character: There is no 。 ("3002) in font ntx-Regular-tlf-t1!
Missing character: There is no 接 ("63A5) in font ntx-Regular-tlf-t1!
Missing character: There is no 着 ("7740) in font ntx-Regular-tlf-t1!
Missing character: There is no ， ("FF0C) in font ntx-Regular-tlf-t1!
Missing character: There is no 由 ("7531) in font ntx-Regular-tlf-t1!
Missing character: There is no 于 ("4E8E) in font ntx-Regular-tlf-t1!
Missing character: There is no 在 ("5728) in font ntx-Regular-tlf-t1!
Missing character: There is no 时 ("65F6) in font ntx-Regular-tlf-t1!
Missing character: There is no 间 ("95F4) in font ntx-Regular-tlf-t1!
Missing character: There is no 序 ("5E8F) in font ntx-Regular-tlf-t1!
Missing character: There is no 列 ("5217) in font ntx-Regular-tlf-t1!
Missing character: There is no 分 ("5206) in font ntx-Regular-tlf-t1!
Missing character: There is no 析 ("6790) in font ntx-Regular-tlf-t1!
Missing character: There is no 问 ("95EE) in font ntx-Regular-tlf-t1!
Missing character: There is no 题 ("9898) in font ntx-Regular-tlf-t1!
Missing character: There is no 上 ("4E0A) in font ntx-Regular-tlf-t1!
Missing character: There is no 模 ("6A21) in font ntx-Regular-tlf-t1!
Missing character: There is no 型 ("578B) in font ntx-Regular-tlf-t1!
Missing character: There is no 较 ("8F83) in font ntx-Regular-tlf-t1!
Missing character: There is no 传 ("4F20) in font ntx-Regular-tlf-t1!
Missing character: There is no 统 ("7EDF) in font ntx-Regular-tlf-t1!
Missing character: There is no 模 ("6A21) in font ntx-Regular-tlf-t1!
Missing character: There is no 型 ("578B) in font ntx-Regular-tlf-t1!
Missing character: There is no 的 ("7684) in font ntx-Regular-tlf-t1!
Missing character: There is no 优 ("4F18) in font ntx-Regular-tlf-t1!
Missing character: There is no 势 ("52BF) in font ntx-Regular-tlf-t1!
Missing character: There is no ， ("FF0C) in font ntx-Regular-tlf-t1!
Missing character: There is no 在 ("5728) in font ntx-Regular-tlf-t1!
Missing character: There is no 适 ("9002) in font ntx-Regular-tlf-t1!
Missing character: There is no 用 ("7528) in font ntx-Regular-tlf-t1!
Missing character: There is no 条 ("6761) in font ntx-Regular-tlf-t1!
Missing character: There is no 件 ("4EF6) in font ntx-Regular-tlf-t1!
Missing character: There is no 下 ("4E0B) in font ntx-Regular-tlf-t1!
Missing character: There is no 我 ("6211) in font ntx-Regular-tlf-t1!
Missing character: There is no 们 ("4EEC) in font ntx-Regular-tlf-t1!
Missing character: There is no 选 ("9009) in font ntx-Regular-tlf-t1!
Missing character: There is no 择 ("62E9) in font ntx-Regular-tlf-t1!
Missing character: There is no 进 ("8FDB) in font ntx-Regular-tlf-t1!
Missing character: There is no 行 ("884C) in font ntx-Regular-tlf-t1!
Missing character: There is no 数 ("6570) in font ntx-Regular-tlf-t1!
Missing character: There is no 据 ("636E) in font ntx-Regular-tlf-t1!
Missing character: There is no 预 ("9884) in font ntx-Regular-tlf-t1!
Missing character: There is no 测 ("6D4B) in font ntx-Regular-tlf-t1!
Missing character: There is no 。 ("3002) in font ntx-Regular-tlf-t1!
Missing character: There is no 以 ("4EE5) in font ntx-Regular-tlf-t1!
Missing character: There is no 实 ("5B9E) in font ntx-Regular-tlf-t1!
Missing character: There is no 现 ("73B0) in font ntx-Regular-tlf-t1!
Missing character: There is no 资 ("8D44) in font ntx-Regular-tlf-t1!
Missing character: There is no 产 ("4EA7) in font ntx-Regular-tlf-t1!
Missing character: There is no 价 ("4EF7) in font ntx-Regular-tlf-t1!
Missing character: There is no 值 ("503C) in font ntx-Regular-tlf-t1!
Missing character: There is no 最 ("6700) in font ntx-Regular-tlf-t1!
Missing character: There is no 大 ("5927) in font ntx-Regular-tlf-t1!
Missing character: There is no 化 ("5316) in font ntx-Regular-tlf-t1!
Missing character: There is no 为 ("4E3A) in font ntx-Regular-tlf-t1!
Missing character: There is no 目 ("76EE) in font ntx-Regular-tlf-t1!
Missing character: There is no 的 ("7684) in font ntx-Regular-tlf-t1!
Missing character: There is no ， ("FF0C) in font ntx-Regular-tlf-t1!
Missing character: There is no 制 ("5236) in font ntx-Regular-tlf-t1!
Missing character: There is no 定 ("5B9A) in font ntx-Regular-tlf-t1!
Missing character: There is no 了 ("4E86) in font ntx-Regular-tlf-t1!
Missing character: There is no 每 ("6BCF) in font ntx-Regular-tlf-t1!
Missing character: There is no 日 ("65E5) in font ntx-Regular-tlf-t1!
Missing character: There is no 买 ("4E70) in font ntx-Regular-tlf-t1!
Missing character: There is no 卖 ("5356) in font ntx-Regular-tlf-t1!
Missing character: There is no 、 ("3001) in font ntx-Regular-tlf-t1!
Missing character: There is no 调 ("8C03) in font ntx-Regular-tlf-t1!
Missing character: There is no 仓 ("4ED3) in font ntx-Regular-tlf-t1!
Missing character: There is no 及 ("53CA) in font ntx-Regular-tlf-t1!
Missing character: There is no 投 ("6295) in font ntx-Regular-tlf-t1!
Missing character: There is no 资 ("8D44) in font ntx-Regular-tlf-t1!
Missing character: There is no 比 ("6BD4) in font ntx-Regular-tlf-t1!
Missing character: There is no 例 ("4F8B) in font ntx-Regular-tlf-t1!
Missing character: There is no 。 ("3002) in font ntx-Regular-tlf-t1!
Missing character: There is no 然 ("7136) in font ntx-Regular-tlf-t1!
Missing character: There is no 后 ("540E) in font ntx-Regular-tlf-t1!
Missing character: There is no ， ("FF0C) in font ntx-Regular-tlf-t1!
Missing character: There is no 为 ("4E3A) in font ntx-Regular-tlf-t1!
Missing character: There is no 了 ("4E86) in font ntx-Regular-tlf-t1!
Missing character: There is no 证 ("8BC1) in font ntx-Regular-tlf-t1!
Missing character: There is no 明 ("660E) in font ntx-Regular-tlf-t1!
Missing character: There is no 我 ("6211) in font ntx-Regular-tlf-t1!
Missing character: There is no 们 ("4EEC) in font ntx-Regular-tlf-t1!
Missing character: There is no 的 ("7684) in font ntx-Regular-tlf-t1!
Missing character: There is no 策 ("7B56) in font ntx-Regular-tlf-t1!
Missing character: There is no 略 ("7565) in font ntx-Regular-tlf-t1!
Missing character: There is no 最 ("6700) in font ntx-Regular-tlf-t1!
Missing character: There is no 优 ("4F18) in font ntx-Regular-tlf-t1!
Missing character: There is no ， ("FF0C) in font ntx-Regular-tlf-t1!
Missing character: There is no 我 ("6211) in font ntx-Regular-tlf-t1!
Missing character: There is no 们 ("4EEC) in font ntx-Regular-tlf-t1!
Missing character: There is no 对 ("5BF9) in font ntx-Regular-tlf-t1!
Missing character: There is no 制 ("5236) in font ntx-Regular-tlf-t1!
Missing character: There is no 定 ("5B9A) in font ntx-Regular-tlf-t1!
Missing character: There is no 的 ("7684) in font ntx-Regular-tlf-t1!
Missing character: There is no 买 ("4E70) in font ntx-Regular-tlf-t1!
Missing character: There is no 卖 ("5356) in font ntx-Regular-tlf-t1!
Missing character: There is no 、 ("3001) in font ntx-Regular-tlf-t1!
Missing character: There is no 调 ("8C03) in font ntx-Regular-tlf-t1!
Missing character: There is no 仓 ("4ED3) in font ntx-Regular-tlf-t1!
Missing character: There is no 和 ("548C) in font ntx-Regular-tlf-t1!
Missing character: There is no 投 ("6295) in font ntx-Regular-tlf-t1!
Missing character: There is no 资 ("8D44) in font ntx-Regular-tlf-t1!
Missing character: There is no 组 ("7EC4) in font ntx-Regular-tlf-t1!
Missing character: There is no 合 ("5408) in font ntx-Regular-tlf-t1!
Missing character: There is no 三 ("4E09) in font ntx-Regular-tlf-t1!
Missing character: There is no 个 ("4E2A) in font ntx-Regular-tlf-t1!
Missing character: There is no 标 ("6807) in font ntx-Regular-tlf-t1!
Missing character: There is no 准 ("51C6) in font ntx-Regular-tlf-t1!
Missing character: There is no 设 ("8BBE) in font ntx-Regular-tlf-t1!
Missing character: There is no 置 ("7F6E) in font ntx-Regular-tlf-t1!
Missing character: There is no 了 ("4E86) in font ntx-Regular-tlf-t1!
Missing character: There is no 扰 ("6270) in font ntx-Regular-tlf-t1!
Missing character: There is no 动 ("52A8) in font ntx-Regular-tlf-t1!
Missing character: There is no 项 ("9879) in font ntx-Regular-tlf-t1!
Missing character: There is no ， ("FF0C) in font ntx-Regular-tlf-t1!
Missing character: There is no 来 ("6765) in font ntx-Regular-tlf-t1!
Missing character: There is no 确 ("786E) in font ntx-Regular-tlf-t1!
Missing character: There is no 定 ("5B9A) in font ntx-Regular-tlf-t1!
Missing character: There is no 的 ("7684) in font ntx-Regular-tlf-t1!
Missing character: There is no 最 ("6700) in font ntx-Regular-tlf-t1!
Missing character: There is no 佳 ("4F73) in font ntx-Regular-tlf-t1!
Missing character: There is no 参 ("53C2) in font ntx-Regular-tlf-t1!
Missing character: There is no 数 ("6570) in font ntx-Regular-tlf-t1!
Missing character: There is no 。 ("3002) in font ntx-Regular-tlf-t1!
Missing character: There is no 最 ("6700) in font ntx-Regular-tlf-t1!
Missing character: There is no 后 ("540E) in font ntx-Regular-tlf-t1!
Missing character: There is no ， ("FF0C) in font ntx-Regular-tlf-t1!
Missing character: There is no 我 ("6211) in font ntx-Regular-tlf-t1!
Missing character: There is no 们 ("4EEC) in font ntx-Regular-tlf-t1!
Missing character: There is no 枚 ("679A) in font ntx-Regular-tlf-t1!
Missing character: There is no 举 ("4E3E) in font ntx-Regular-tlf-t1!
Missing character: There is no 得 ("5F97) in font ntx-Regular-tlf-t1!
Missing character: There is no 到 ("5230) in font ntx-Regular-tlf-t1!
Missing character: There is no 的 ("7684) in font ntx-Regular-tlf-t1!
Missing character: There is no 一 ("4E00) in font ntx-Regular-tlf-t1!
Missing character: There is no 系 ("7CFB) in font ntx-Regular-tlf-t1!
Missing character: There is no 列 ("5217) in font ntx-Regular-tlf-t1!
Missing character: There is no 结 ("7ED3) in font ntx-Regular-tlf-t1!
Missing character: There is no 果 ("679C) in font ntx-Regular-tlf-t1!
Missing character: There is no 检 ("68C0) in font ntx-Regular-tlf-t1!
Missing character: There is no 验 ("9A8C) in font ntx-Regular-tlf-t1!
Missing character: There is no 了 ("4E86) in font ntx-Regular-tlf-t1!
Missing character: There is no 对 ("5BF9) in font ntx-Regular-tlf-t1!
Missing character: There is no 佣 ("4F63) in font ntx-Regular-tlf-t1!
Missing character: There is no 金 ("91D1) in font ntx-Regular-tlf-t1!
Missing character: There is no 的 ("7684) in font ntx-Regular-tlf-t1!
Missing character: There is no 敏 ("654F) in font ntx-Regular-tlf-t1!
Missing character: There is no 感 ("611F) in font ntx-Regular-tlf-t1!
Missing character: There is no 性 ("6027) in font ntx-Regular-tlf-t1!
Missing character: There is no 。 ("3002) in font ntx-Regular-tlf-t1!
Missing character: There is no 对 ("5BF9) in font ntx-Regular-tlf-t1!
Missing character: There is no 于 ("4E8E) in font ntx-Regular-tlf-t1!
Missing character: There is no 我 ("6211) in font ntx-Regular-tlf-t1!
Missing character: There is no 们 ("4EEC) in font ntx-Regular-tlf-t1!
Missing character: There is no 要 ("8981) in font ntx-Regular-tlf-t1!
Missing character: There is no 解 ("89E3) in font ntx-Regular-tlf-t1!
Missing character: There is no 决 ("51B3) in font ntx-Regular-tlf-t1!
Missing character: There is no 的 ("7684) in font ntx-Regular-tlf-t1!
Missing character: There is no 数 ("6570) in font ntx-Regular-tlf-t1!
Missing character: There is no 据 ("636E) in font ntx-Regular-tlf-t1!
Missing character: There is no 分 ("5206) in font ntx-Regular-tlf-t1!
Missing character: There is no 析 ("6790) in font ntx-Regular-tlf-t1!
Missing character: There is no 问 ("95EE) in font ntx-Regular-tlf-t1!
Missing character: There is no 题 ("9898) in font ntx-Regular-tlf-t1!
Missing character: There is no ， ("FF0C) in font ntx-Regular-tlf-t1!
Missing character: There is no 数 ("6570) in font ntx-Regular-tlf-t1!
Missing character: There is no 据 ("636E) in font ntx-Regular-tlf-t1!
Missing character: There is no 的 ("7684) in font ntx-Regular-tlf-t1!
Missing character: There is no 平 ("5E73) in font ntx-Regular-tlf-t1!
Missing character: There is no 稳 ("7A33) in font ntx-Regular-tlf-t1!
Missing character: There is no 性 ("6027) in font ntx-Regular-tlf-t1!
Missing character: There is no 是 ("662F) in font ntx-Regular-tlf-t1!
Missing character: There is no 我 ("6211) in font ntx-Regular-tlf-t1!
Missing character: There is no 们 ("4EEC) in font ntx-Regular-tlf-t1!
Missing character: There is no 的 ("7684) in font ntx-Regular-tlf-t1!
Missing character: There is no 模 ("6A21) in font ntx-Regular-tlf-t1!
Missing character: There is no 型 ("578B) in font ntx-Regular-tlf-t1!
Missing character: There is no 的 ("7684) in font ntx-Regular-tlf-t1!
Missing character: There is no 基 ("57FA) in font ntx-Regular-tlf-t1!
Missing character: There is no 础 ("7840) in font ntx-Regular-tlf-t1!
Missing character: There is no 。 ("3002) in font ntx-Regular-tlf-t1!
Missing character: There is no 通 ("901A) in font ntx-Regular-tlf-t1!
Missing character: There is no 常 ("5E38) in font ntx-Regular-tlf-t1!
Missing character: There is no 来 ("6765) in font ntx-Regular-tlf-t1!
Missing character: There is no 说 ("8BF4) in font ntx-Regular-tlf-t1!
Missing character: There is no ， ("FF0C) in font ntx-Regular-tlf-t1!
Missing character: There is no 原 ("539F) in font ntx-Regular-tlf-t1!
Missing character: There is no 始 ("59CB) in font ntx-Regular-tlf-t1!
Missing character: There is no 数 ("6570) in font ntx-Regular-tlf-t1!
Missing character: There is no 据 ("636E) in font ntx-Regular-tlf-t1!
Missing character: There is no 中 ("4E2D) in font ntx-Regular-tlf-t1!
Missing character: There is no 的 ("7684) in font ntx-Regular-tlf-t1!
Missing character: There is no 不 ("4E0D) in font ntx-Regular-tlf-t1!
Missing character: There is no 完 ("5B8C) in font ntx-Regular-tlf-t1!
Missing character: There is no 整 ("6574) in font ntx-Regular-tlf-t1!
Missing character: There is no 和 ("548C) in font ntx-Regular-tlf-t1!
Missing character: There is no 异 ("5F02) in font ntx-Regular-tlf-t1!
Missing character: There is no 常 ("5E38) in font ntx-Regular-tlf-t1!
Missing character: There is no 数 ("6570) in font ntx-Regular-tlf-t1!
Missing character: There is no 据 ("636E) in font ntx-Regular-tlf-t1!
Missing character: There is no 可 ("53EF) in font ntx-Regular-tlf-t1!
Missing character: There is no 能 ("80FD) in font ntx-Regular-tlf-t1!
Missing character: There is no 会 ("4F1A) in font ntx-Regular-tlf-t1!
Missing character: There is no 大 ("5927) in font ntx-Regular-tlf-t1!
Missing character: There is no 大 ("5927) in font ntx-Regular-tlf-t1!
Missing character: There is no 影 ("5F71) in font ntx-Regular-tlf-t1!
Missing character: There is no 响 ("54CD) in font ntx-Regular-tlf-t1!
Missing character: There is no 我 ("6211) in font ntx-Regular-tlf-t1!
Missing character: There is no 们 ("4EEC) in font ntx-Regular-tlf-t1!
Missing character: There is no 问 ("95EE) in font ntx-Regular-tlf-t1!
Missing character: There is no 题 ("9898) in font ntx-Regular-tlf-t1!
Missing character: There is no 的 ("7684) in font ntx-Regular-tlf-t1!
Missing character: There is no 分 ("5206) in font ntx-Regular-tlf-t1!
Missing character: There is no 析 ("6790) in font ntx-Regular-tlf-t1!
Missing character: There is no 效 ("6548) in font ntx-Regular-tlf-t1!
Missing character: There is no 率 ("7387) in font ntx-Regular-tlf-t1!
Missing character: There is no 和 ("548C) in font ntx-Regular-tlf-t1!
Missing character: There is no 结 ("7ED3) in font ntx-Regular-tlf-t1!
Missing character: There is no 果 ("679C) in font ntx-Regular-tlf-t1!
Missing character: There is no 准 ("51C6) in font ntx-Regular-tlf-t1!
Missing character: There is no 确 ("786E) in font ntx-Regular-tlf-t1!
Missing character: There is no 性 ("6027) in font ntx-Regular-tlf-t1!
Missing character: There is no 。 ("3002) in font ntx-Regular-tlf-t1!
Missing character: There is no 故 ("6545) in font ntx-Regular-tlf-t1!
Missing character: There is no ， ("FF0C) in font ntx-Regular-tlf-t1!
Missing character: There is no 对 ("5BF9) in font ntx-Regular-tlf-t1!
Missing character: There is no 数 ("6570) in font ntx-Regular-tlf-t1!
Missing character: There is no 据 ("636E) in font ntx-Regular-tlf-t1!
Missing character: There is no 的 ("7684) in font ntx-Regular-tlf-t1!
Missing character: There is no 分 ("5206) in font ntx-Regular-tlf-t1!
Missing character: There is no 析 ("6790) in font ntx-Regular-tlf-t1!
Missing character: There is no 、 ("3001) in font ntx-Regular-tlf-t1!
Missing character: There is no 预 ("9884) in font ntx-Regular-tlf-t1!
Missing character: There is no 先 ("5148) in font ntx-Regular-tlf-t1!
Missing character: There is no 处 ("5904) in font ntx-Regular-tlf-t1!
Missing character: There is no 理 ("7406) in font ntx-Regular-tlf-t1!
Missing character: There is no 是 ("662F) in font ntx-Regular-tlf-t1!
Missing character: There is no 必 ("5FC5) in font ntx-Regular-tlf-t1!
Missing character: There is no 不 ("4E0D) in font ntx-Regular-tlf-t1!
Missing character: There is no 可 ("53EF) in font ntx-Regular-tlf-t1!
Missing character: There is no 少 ("5C11) in font ntx-Regular-tlf-t1!
Missing character: There is no 。 ("3002) in font ntx-Regular-tlf-t1!
File: D:/meisai/ms/fig/gold.eps Graphic file (type eps)
<D:/meisai/ms/fig/gold.eps>
LaTeX Font Info:    Font shape `T1/ntxtlf/m/n' will be
(Font)              scaled to size 10.0pt on input line 113.
File: D:/meisai/ms/fig/Bitcoin.eps Graphic file (type eps)
<D:/meisai/ms/fig/Bitcoin.eps>


LaTeX Warning: `h' float specifier changed to `ht'.

File: D:/meisai/ms/fig/fig3G.eps Graphic file (type eps)
<D:/meisai/ms/fig/fig3G.eps>
File: D:/meisai/ms/fig/fig3b.eps Graphic file (type eps)
<D:/meisai/ms/fig/fig3b.eps>

Package fancyhdr Warning: \headheight is too small (12.0pt): 
(fancyhdr)                Make it at least 13.59999pt, for example:
(fancyhdr)                \setlength{\headheight}{13.59999pt}.
(fancyhdr)                You might also make \topmargin smaller to compensate:
(fancyhdr)                \addtolength{\topmargin}{-1.59999pt}.

[3]
Missing character: There is no ， ("FF0C) in font ntx-Regular-tlf-t1!
File: D:/meisai/ms/fig/gd1.eps Graphic file (type eps)
<D:/meisai/ms/fig/gd1.eps>
File: D:/meisai/ms/fig/bd1.eps Graphic file (type eps)
<D:/meisai/ms/fig/bd1.eps>
File: D:/meisai/ms/fig/gd2.eps Graphic file (type eps)
<D:/meisai/ms/fig/gd2.eps>
File: D:/meisai/ms/fig/bd2.eps Graphic file (type eps)
<D:/meisai/ms/fig/bd2.eps>


LaTeX Warning: `!h' float specifier changed to `!ht'.


Package fancyhdr Warning: \headheight is too small (12.0pt): 
(fancyhdr)                Make it at least 13.59999pt, for example:
(fancyhdr)                \setlength{\headheight}{13.59999pt}.
(fancyhdr)                You might also make \topmargin smaller to compensate:
(fancyhdr)                \addtolength{\topmargin}{-1.59999pt}.

[4]
Missing character: There is no Ⅰ ("2160) in font ntx-Bold-tlf-t1!
Missing character: There is no ： ("FF1A) in font ntx-Bold-tlf-t1!


Package fancyhdr Warning: \headheight is too small (12.0pt): 
(fancyhdr)                Make it at least 13.59999pt, for example:
(fancyhdr)                \setlength{\headheight}{13.59999pt}.
(fancyhdr)                You might also make \topmargin smaller to compensate:
(fancyhdr)                \addtolength{\topmargin}{-1.59999pt}.

[5]
File: D:/meisai/ms/fig/g6.eps Graphic file (type eps)
<D:/meisai/ms/fig/g6.eps>
File: D:/meisai/ms/fig/b6.eps Graphic file (type eps)
<D:/meisai/ms/fig/b6.eps>


LaTeX Warning: `!h' float specifier changed to `!ht'.

File: D:/meisai/ms/fig/g61.eps Graphic file (type eps)
<D:/meisai/ms/fig/g61.eps>
File: D:/meisai/ms/fig/b61.eps Graphic file (type eps)
<D:/meisai/ms/fig/b61.eps>
File: D:/meisai/ms/fig/g661.eps Graphic file (type eps)
<D:/meisai/ms/fig/g661.eps>
File: D:/meisai/ms/fig/b661.eps Graphic file (type eps)
<D:/meisai/ms/fig/b661.eps>

LaTeX Warning: Float too large for page by 212.5717pt on input line 218.


LaTeX Warning: `!h' float specifier changed to `!ht'.

File: D:/meisai/ms/fig/g62.eps Graphic file (type eps)
<D:/meisai/ms/fig/g62.eps>
File: D:/meisai/ms/fig/b62.eps Graphic file (type eps)
<D:/meisai/ms/fig/b62.eps>
File: D:/meisai/ms/fig/g661.eps Graphic file (type eps)
<D:/meisai/ms/fig/g661.eps>
File: D:/meisai/ms/fig/b661.eps Graphic file (type eps)
<D:/meisai/ms/fig/b661.eps>

LaTeX Warning: Float too large for page by 154.75218pt on input line 230.


LaTeX Warning: `!h' float specifier changed to `!ht'.

Missing character: There is no Ⅱ ("2161) in font ntx-Bold-tlf-t1!
Missing character: There is no Ⅲ ("2162) in font ntx-Bold-tlf-t1!

Package fancyhdr Warning: \headheight is too small (12.0pt): 
(fancyhdr)                Make it at least 13.59999pt, for example:
(fancyhdr)                \setlength{\headheight}{13.59999pt}.
(fancyhdr)                You might also make \topmargin smaller to compensate:
(fancyhdr)                \addtolength{\topmargin}{-1.59999pt}.

[6]

Package fancyhdr Warning: \headheight is too small (12.0pt): 
(fancyhdr)                Make it at least 13.59999pt, for example:
(fancyhdr)                \setlength{\headheight}{13.59999pt}.
(fancyhdr)                You might also make \topmargin smaller to compensate:
(fancyhdr)                \addtolength{\topmargin}{-1.59999pt}.

[7]
LaTeX Font Info:    Font shape `T1/ntxtlf/m/n' will be
(Font)              scaled to size 8.0pt on input line 299.
LaTeX Font Info:    Trying to load font information for T1+ntxtt on input line 301.
 (d:/texlive/2021/texmf-dist/tex/latex/newtx/t1ntxtt.fd
File: t1ntxtt.fd 2012/04/20 v3.1
)
LaTeX Font Info:    Font shape `T1/ntxtt/m/n' will be
(Font)              scaled to size 12.0pt on input line 301.
LaTeX Font Info:    Font shape `T1/ntxtlf/m/n' will be
(Font)              scaled to size 24.88pt on input line 304.
LaTeX Font Info:    Font shape `T1/ntxtlf/b/n' will be
(Font)              scaled to size 24.88pt on input line 304.


Package fancyhdr Warning: \headheight is too small (12.0pt): 
(fancyhdr)                Make it at least 13.59999pt, for example:
(fancyhdr)                \setlength{\headheight}{13.59999pt}.
(fancyhdr)                You might also make \topmargin smaller to compensate:
(fancyhdr)                \addtolength{\topmargin}{-1.59999pt}.

[8]
Underfull \hbox (badness 10000) in paragraph at lines 325--326

 []

LaTeX Font Info:    Trying to load font information for T1+pcr on input line 328.
(d:/texlive/2021/texmf-dist/tex/latex/psnfss/t1pcr.fd
File: t1pcr.fd 2001/06/04 font definitions for T1/pcr.
) (./code/mcmthesis-matlab1.m) (./code/mcmthesis-sudoku.cpp

Package fancyhdr Warning: \headheight is too small (12.0pt): 
(fancyhdr)                Make it at least 13.59999pt, for example:
(fancyhdr)                \setlength{\headheight}{13.59999pt}.
(fancyhdr)                You might also make \topmargin smaller to compensate:
(fancyhdr)                \addtolength{\topmargin}{-1.59999pt}.

[9]
LaTeX Font Info:    Trying to load font information for TS1+pcr on input line 25.
 (d:/texlive/2021/texmf-dist/tex/latex/psnfss/ts1pcr.fd
File: ts1pcr.fd 2001/06/04 font definitions for TS1/pcr.
)) 
AED: lastpage setting LastPage

Package fancyhdr Warning: \headheight is too small (12.0pt): 
(fancyhdr)                Make it at least 13.59999pt, for example:
(fancyhdr)                \setlength{\headheight}{13.59999pt}.
(fancyhdr)                You might also make \topmargin smaller to compensate:
(fancyhdr)                \addtolength{\topmargin}{-1.59999pt}.

[10]

Package fancyhdr Warning: \headheight is too small (12.0pt): 
(fancyhdr)                Make it at least 13.59999pt, for example:
(fancyhdr)                \setlength{\headheight}{13.59999pt}.
(fancyhdr)                You might also make \topmargin smaller to compensate:
(fancyhdr)                \addtolength{\topmargin}{-1.59999pt}.

[11]

Package fancyhdr Warning: \headheight is too small (12.0pt): 
(fancyhdr)                Make it at least 13.59999pt, for example:
(fancyhdr)                \setlength{\headheight}{13.59999pt}.
(fancyhdr)                You might also make \topmargin smaller to compensate:
(fancyhdr)                \addtolength{\topmargin}{-1.59999pt}.

[12] (./ms论文.aux)

LaTeX Warning: There were multiply-defined labels.

Package rerunfilecheck Info: File `ms论文.out' has not changed.
(rerunfilecheck)             Checksum: AC8F0C99C423CC99DC6D444D37D5ACD3;6470.
 ) 
Here is how much of TeX's memory you used:
 15301 strings out of 476919
 221508 string characters out of 5825425
 833157 words of memory out of 5000000
 34905 multiletter control sequences out of 15000+600000
 468246 words of font info for 121 fonts, out of 8000000 for 9000
 1348 hyphenation exceptions out of 8191
 86i,12n,99p,383b,2102s stack positions out of 5000i,500n,10000p,200000b,80000s

Output written on ms论文.pdf (14 pages).
